2022-12-04 18:25:56,914 INFO    StreamThr :14036 [internal.py:wandb_internal():88] W&B internal server running at pid: 14036, started at: 2022-12-04 18:25:56.911862
2022-12-04 18:25:56,916 DEBUG   HandlerThread:14036 [handler.py:handle_request():139] handle_request: status
2022-12-04 18:25:56,918 DEBUG   SenderThread:14036 [sender.py:send_request():317] send_request: status
2022-12-04 18:25:56,919 DEBUG   SenderThread:14036 [sender.py:send():303] send: header
2022-12-04 18:25:56,920 INFO    WriterThread:14036 [datastore.py:open_for_write():75] open: /Users/user/Documents/ipynb RD статистика/pycharm/citylearn-2022-starter-kit-master/wandb/run-20221204_182556-2s9e9ulj/run-2s9e9ulj.wandb
2022-12-04 18:25:56,920 DEBUG   SenderThread:14036 [sender.py:send():303] send: run
2022-12-04 18:25:57,263 DEBUG   HandlerThread:14036 [handler.py:handle_request():139] handle_request: check_version
2022-12-04 18:25:57,264 INFO    SenderThread:14036 [dir_watcher.py:__init__():216] watching files in: /Users/user/Documents/ipynb RD статистика/pycharm/citylearn-2022-starter-kit-master/wandb/run-20221204_182556-2s9e9ulj/files
2022-12-04 18:25:57,264 INFO    SenderThread:14036 [sender.py:_start_run_threads():928] run started: 2s9e9ulj with start time 1670203556.905317
2022-12-04 18:25:57,264 DEBUG   SenderThread:14036 [sender.py:send():303] send: summary
2022-12-04 18:25:57,266 INFO    SenderThread:14036 [sender.py:_save_file():1171] saving file wandb-summary.json with policy end
2022-12-04 18:25:57,267 DEBUG   SenderThread:14036 [sender.py:send_request():317] send_request: check_version
2022-12-04 18:25:57,489 DEBUG   HandlerThread:14036 [handler.py:handle_request():139] handle_request: run_start
2022-12-04 18:25:57,508 DEBUG   HandlerThread:14036 [system_info.py:__init__():31] System info init
2022-12-04 18:25:57,509 DEBUG   HandlerThread:14036 [system_info.py:__init__():46] System info init done
2022-12-04 18:25:57,509 INFO    HandlerThread:14036 [system_monitor.py:start():150] Starting system monitor
2022-12-04 18:25:57,509 INFO    SystemMonitor:14036 [system_monitor.py:_start():116] Starting system asset monitoring threads
2022-12-04 18:25:57,509 INFO    HandlerThread:14036 [system_monitor.py:probe():168] Collecting system info
2022-12-04 18:25:57,511 INFO    SystemMonitor:14036 [interfaces.py:start():168] Started cpu
2022-12-04 18:25:57,512 DEBUG   HandlerThread:14036 [system_info.py:probe():195] Probing system
2022-12-04 18:25:57,512 INFO    SystemMonitor:14036 [interfaces.py:start():168] Started disk
2022-12-04 18:25:57,513 INFO    SystemMonitor:14036 [interfaces.py:start():168] Started memory
2022-12-04 18:25:57,514 INFO    SystemMonitor:14036 [interfaces.py:start():168] Started network
2022-12-04 18:25:57,522 DEBUG   HandlerThread:14036 [git.py:repo():40] git repository is invalid
2022-12-04 18:25:57,523 DEBUG   HandlerThread:14036 [system_info.py:probe():241] Probing system done
2022-12-04 18:25:57,523 DEBUG   HandlerThread:14036 [system_monitor.py:probe():177] {'os': 'macOS-12.4-x86_64-i386-64bit', 'python': '3.9.15', 'heartbeatAt': '2022-12-05T01:25:57.512329', 'startedAt': '2022-12-05T01:25:56.878704', 'docker': None, 'cuda': None, 'args': (), 'state': 'running', 'program': '/Users/user/Documents/ipynb RD статистика/pycharm/citylearn-2022-starter-kit-master/local_train_custom.py', 'codePath': 'local_train_custom.py', 'host': 'user', 'username': 'user', 'executable': '/Users/user/Documents/ipynb RD статистика/pycharm/citylearn-2022-starter-kit-master/venv/bin/python', 'cpu_count': 2, 'cpu_count_logical': 4, 'cpu_freq': {'current': 2300, 'min': 2300, 'max': 2300}, 'cpu_freq_per_core': [{'current': 2300, 'min': 2300, 'max': 2300}], 'disk': {'total': 112.70698928833008, 'used': 21.837711334228516}, 'memory': {'total': 8.0}}
2022-12-04 18:25:57,524 INFO    HandlerThread:14036 [system_monitor.py:probe():178] Finished collecting system info
2022-12-04 18:25:57,524 INFO    HandlerThread:14036 [system_monitor.py:probe():181] Publishing system info
2022-12-04 18:25:57,524 DEBUG   HandlerThread:14036 [system_info.py:_save_pip():51] Saving list of pip packages installed into the current environment
2022-12-04 18:25:57,525 DEBUG   HandlerThread:14036 [system_info.py:_save_pip():67] Saving pip packages done
2022-12-04 18:25:57,526 INFO    HandlerThread:14036 [system_monitor.py:probe():183] Finished publishing system info
2022-12-04 18:25:57,532 DEBUG   SenderThread:14036 [sender.py:send():303] send: files
2022-12-04 18:25:57,532 INFO    SenderThread:14036 [sender.py:_save_file():1171] saving file wandb-metadata.json with policy now
2022-12-04 18:25:57,540 DEBUG   HandlerThread:14036 [handler.py:handle_request():139] handle_request: stop_status
2022-12-04 18:25:57,541 DEBUG   SenderThread:14036 [sender.py:send_request():317] send_request: stop_status
2022-12-04 18:25:57,701 DEBUG   SenderThread:14036 [sender.py:send():303] send: telemetry
2022-12-04 18:25:58,270 INFO    Thread-13 :14036 [dir_watcher.py:_on_file_created():275] file/dir created: /Users/user/Documents/ipynb RD статистика/pycharm/citylearn-2022-starter-kit-master/wandb/run-20221204_182556-2s9e9ulj/files/requirements.txt
2022-12-04 18:25:58,271 INFO    Thread-13 :14036 [dir_watcher.py:_on_file_created():275] file/dir created: /Users/user/Documents/ipynb RD статистика/pycharm/citylearn-2022-starter-kit-master/wandb/run-20221204_182556-2s9e9ulj/files/wandb-metadata.json
2022-12-04 18:25:58,274 INFO    Thread-16 :14036 [upload_job.py:push():143] Uploaded file /tmp/tmpvirby1qawandb/2uyaykmi-wandb-metadata.json
2022-12-04 18:25:58,274 INFO    Thread-13 :14036 [dir_watcher.py:_on_file_created():275] file/dir created: /Users/user/Documents/ipynb RD статистика/pycharm/citylearn-2022-starter-kit-master/wandb/run-20221204_182556-2s9e9ulj/files/output.log
2022-12-04 18:25:58,275 INFO    Thread-13 :14036 [dir_watcher.py:_on_file_created():275] file/dir created: /Users/user/Documents/ipynb RD статистика/pycharm/citylearn-2022-starter-kit-master/wandb/run-20221204_182556-2s9e9ulj/files/wandb-summary.json
2022-12-04 18:26:00,271 INFO    Thread-13 :14036 [dir_watcher.py:_on_file_modified():292] file/dir modified: /Users/user/Documents/ipynb RD статистика/pycharm/citylearn-2022-starter-kit-master/wandb/run-20221204_182556-2s9e9ulj/files/output.log
2022-12-04 18:26:12,710 DEBUG   HandlerThread:14036 [handler.py:handle_request():139] handle_request: stop_status
2022-12-04 18:26:12,711 DEBUG   SenderThread:14036 [sender.py:send_request():317] send_request: stop_status
2022-12-04 18:26:27,858 DEBUG   HandlerThread:14036 [handler.py:handle_request():139] handle_request: stop_status
2022-12-04 18:26:27,859 DEBUG   SenderThread:14036 [sender.py:send_request():317] send_request: stop_status
2022-12-04 18:26:28,336 INFO    Thread-13 :14036 [dir_watcher.py:_on_file_modified():292] file/dir modified: /Users/user/Documents/ipynb RD статистика/pycharm/citylearn-2022-starter-kit-master/wandb/run-20221204_182556-2s9e9ulj/files/config.yaml
2022-12-04 18:26:36,437 DEBUG   HandlerThread:14036 [handler.py:handle_request():139] handle_request: partial_history
2022-12-04 18:26:36,438 DEBUG   HandlerThread:14036 [handler.py:handle_request():139] handle_request: partial_history
2022-12-04 18:26:36,438 DEBUG   HandlerThread:14036 [handler.py:handle_request():139] handle_request: partial_history
2022-12-04 18:26:36,438 DEBUG   HandlerThread:14036 [handler.py:handle_request():139] handle_request: partial_history
2022-12-04 18:26:36,439 DEBUG   HandlerThread:14036 [handler.py:handle_request():139] handle_request: partial_history
2022-12-04 18:26:38,364 INFO    Thread-13 :14036 [dir_watcher.py:_on_file_modified():292] file/dir modified: /Users/user/Documents/ipynb RD статистика/pycharm/citylearn-2022-starter-kit-master/wandb/run-20221204_182556-2s9e9ulj/files/output.log
2022-12-04 18:26:43,033 DEBUG   HandlerThread:14036 [handler.py:handle_request():139] handle_request: stop_status
2022-12-04 18:26:43,033 DEBUG   SenderThread:14036 [sender.py:send_request():317] send_request: stop_status
2022-12-04 18:26:57,515 DEBUG   SystemMonitor:14036 [system_monitor.py:_start():130] Starting system metrics aggregation loop
2022-12-04 18:26:57,516 DEBUG   SenderThread:14036 [sender.py:send():303] send: stats
2022-12-04 18:26:58,255 DEBUG   HandlerThread:14036 [handler.py:handle_request():139] handle_request: stop_status
2022-12-04 18:26:58,255 DEBUG   SenderThread:14036 [sender.py:send_request():317] send_request: stop_status
2022-12-04 18:27:13,403 DEBUG   HandlerThread:14036 [handler.py:handle_request():139] handle_request: stop_status
2022-12-04 18:27:13,403 DEBUG   SenderThread:14036 [sender.py:send_request():317] send_request: stop_status
2022-12-04 18:27:27,519 DEBUG   SenderThread:14036 [sender.py:send():303] send: stats
2022-12-04 18:27:28,548 DEBUG   HandlerThread:14036 [handler.py:handle_request():139] handle_request: stop_status
2022-12-04 18:27:28,548 DEBUG   SenderThread:14036 [sender.py:send_request():317] send_request: stop_status
2022-12-04 18:27:43,726 DEBUG   HandlerThread:14036 [handler.py:handle_request():139] handle_request: stop_status
2022-12-04 18:27:43,726 DEBUG   SenderThread:14036 [sender.py:send_request():317] send_request: stop_status
2022-12-04 18:27:57,521 DEBUG   SenderThread:14036 [sender.py:send():303] send: stats
2022-12-04 18:27:58,915 DEBUG   HandlerThread:14036 [handler.py:handle_request():139] handle_request: stop_status
2022-12-04 18:27:58,915 DEBUG   SenderThread:14036 [sender.py:send_request():317] send_request: stop_status
2022-12-04 18:28:14,147 DEBUG   HandlerThread:14036 [handler.py:handle_request():139] handle_request: stop_status
2022-12-04 18:28:14,147 DEBUG   SenderThread:14036 [sender.py:send_request():317] send_request: stop_status
2022-12-04 18:28:27,522 DEBUG   SenderThread:14036 [sender.py:send():303] send: stats
2022-12-04 18:28:29,303 DEBUG   HandlerThread:14036 [handler.py:handle_request():139] handle_request: stop_status
2022-12-04 18:28:29,304 DEBUG   SenderThread:14036 [sender.py:send_request():317] send_request: stop_status
2022-12-04 18:28:44,459 DEBUG   HandlerThread:14036 [handler.py:handle_request():139] handle_request: stop_status
2022-12-04 18:28:44,461 DEBUG   SenderThread:14036 [sender.py:send_request():317] send_request: stop_status
2022-12-04 18:28:57,528 DEBUG   SenderThread:14036 [sender.py:send():303] send: stats
2022-12-04 18:28:59,709 DEBUG   HandlerThread:14036 [handler.py:handle_request():139] handle_request: stop_status
2022-12-04 18:28:59,709 DEBUG   SenderThread:14036 [sender.py:send_request():317] send_request: stop_status
2022-12-04 18:29:14,939 DEBUG   HandlerThread:14036 [handler.py:handle_request():139] handle_request: stop_status
2022-12-04 18:29:14,939 DEBUG   SenderThread:14036 [sender.py:send_request():317] send_request: stop_status
2022-12-04 18:29:27,529 DEBUG   SenderThread:14036 [sender.py:send():303] send: stats
2022-12-04 18:29:30,245 DEBUG   HandlerThread:14036 [handler.py:handle_request():139] handle_request: stop_status
2022-12-04 18:29:30,246 DEBUG   SenderThread:14036 [sender.py:send_request():317] send_request: stop_status
2022-12-04 18:29:45,401 DEBUG   HandlerThread:14036 [handler.py:handle_request():139] handle_request: stop_status
2022-12-04 18:29:45,401 DEBUG   SenderThread:14036 [sender.py:send_request():317] send_request: stop_status
2022-12-04 18:29:57,530 DEBUG   SenderThread:14036 [sender.py:send():303] send: stats
2022-12-04 18:30:00,565 DEBUG   HandlerThread:14036 [handler.py:handle_request():139] handle_request: stop_status
2022-12-04 18:30:00,566 DEBUG   SenderThread:14036 [sender.py:send_request():317] send_request: stop_status
2022-12-04 18:30:15,738 DEBUG   HandlerThread:14036 [handler.py:handle_request():139] handle_request: stop_status
2022-12-04 18:30:15,744 DEBUG   SenderThread:14036 [sender.py:send_request():317] send_request: stop_status
2022-12-04 18:30:27,532 DEBUG   SenderThread:14036 [sender.py:send():303] send: stats
2022-12-04 18:30:30,943 DEBUG   HandlerThread:14036 [handler.py:handle_request():139] handle_request: stop_status
2022-12-04 18:30:30,944 DEBUG   SenderThread:14036 [sender.py:send_request():317] send_request: stop_status
2022-12-04 18:34:26,032 DEBUG   SenderThread:14036 [sender.py:send():303] send: stats
2022-12-04 18:34:36,744 DEBUG   HandlerThread:14036 [handler.py:handle_request():139] handle_request: stop_status
2022-12-04 18:34:36,747 DEBUG   SenderThread:14036 [sender.py:send_request():317] send_request: stop_status
2022-12-04 18:34:40,411 ERROR   SenderThread:14036 [retry.py:__call__():154] Retry attempt failed:
Traceback (most recent call last):
  File "/Users/user/Documents/ipynb RD статистика/pycharm/citylearn-2022-starter-kit-master/venv/lib/python3.9/site-packages/urllib3/connection.py", line 174, in _new_conn
    conn = connection.create_connection(
  File "/Users/user/Documents/ipynb RD статистика/pycharm/citylearn-2022-starter-kit-master/venv/lib/python3.9/site-packages/urllib3/util/connection.py", line 72, in create_connection
    for res in socket.getaddrinfo(host, port, family, socket.SOCK_STREAM):
  File "/usr/local/Cellar/python@3.9/3.9.15/Frameworks/Python.framework/Versions/3.9/lib/python3.9/socket.py", line 954, in getaddrinfo
    for res in _socket.getaddrinfo(host, port, family, type, proto, flags):
socket.gaierror: [Errno 8] nodename nor servname provided, or not known

During handling of the above exception, another exception occurred:

Traceback (most recent call last):
  File "/Users/user/Documents/ipynb RD статистика/pycharm/citylearn-2022-starter-kit-master/venv/lib/python3.9/site-packages/urllib3/connectionpool.py", line 703, in urlopen
    httplib_response = self._make_request(
  File "/Users/user/Documents/ipynb RD статистика/pycharm/citylearn-2022-starter-kit-master/venv/lib/python3.9/site-packages/urllib3/connectionpool.py", line 386, in _make_request
    self._validate_conn(conn)
  File "/Users/user/Documents/ipynb RD статистика/pycharm/citylearn-2022-starter-kit-master/venv/lib/python3.9/site-packages/urllib3/connectionpool.py", line 1042, in _validate_conn
    conn.connect()
  File "/Users/user/Documents/ipynb RD статистика/pycharm/citylearn-2022-starter-kit-master/venv/lib/python3.9/site-packages/urllib3/connection.py", line 358, in connect
    self.sock = conn = self._new_conn()
  File "/Users/user/Documents/ipynb RD статистика/pycharm/citylearn-2022-starter-kit-master/venv/lib/python3.9/site-packages/urllib3/connection.py", line 186, in _new_conn
    raise NewConnectionError(
urllib3.exceptions.NewConnectionError: <urllib3.connection.HTTPSConnection object at 0x10f890130>: Failed to establish a new connection: [Errno 8] nodename nor servname provided, or not known

During handling of the above exception, another exception occurred:

Traceback (most recent call last):
  File "/Users/user/Documents/ipynb RD статистика/pycharm/citylearn-2022-starter-kit-master/venv/lib/python3.9/site-packages/requests/adapters.py", line 489, in send
    resp = conn.urlopen(
  File "/Users/user/Documents/ipynb RD статистика/pycharm/citylearn-2022-starter-kit-master/venv/lib/python3.9/site-packages/urllib3/connectionpool.py", line 787, in urlopen
    retries = retries.increment(
  File "/Users/user/Documents/ipynb RD статистика/pycharm/citylearn-2022-starter-kit-master/venv/lib/python3.9/site-packages/urllib3/util/retry.py", line 592, in increment
    raise MaxRetryError(_pool, url, error or ResponseError(cause))
urllib3.exceptions.MaxRetryError: HTTPSConnectionPool(host='api.wandb.ai', port=443): Max retries exceeded with url: /graphql (Caused by NewConnectionError('<urllib3.connection.HTTPSConnection object at 0x10f890130>: Failed to establish a new connection: [Errno 8] nodename nor servname provided, or not known'))

During handling of the above exception, another exception occurred:

Traceback (most recent call last):
  File "/Users/user/Documents/ipynb RD статистика/pycharm/citylearn-2022-starter-kit-master/venv/lib/python3.9/site-packages/wandb/sdk/lib/retry.py", line 113, in __call__
    result = self._call_fn(*args, **kwargs)
  File "/Users/user/Documents/ipynb RD статистика/pycharm/citylearn-2022-starter-kit-master/venv/lib/python3.9/site-packages/wandb/sdk/internal/internal_api.py", line 210, in execute
    return self.client.execute(*args, **kwargs)  # type: ignore
  File "/Users/user/Documents/ipynb RD статистика/pycharm/citylearn-2022-starter-kit-master/venv/lib/python3.9/site-packages/wandb/vendor/gql-0.2.0/wandb_gql/client.py", line 52, in execute
    result = self._get_result(document, *args, **kwargs)
  File "/Users/user/Documents/ipynb RD статистика/pycharm/citylearn-2022-starter-kit-master/venv/lib/python3.9/site-packages/wandb/vendor/gql-0.2.0/wandb_gql/client.py", line 60, in _get_result
    return self.transport.execute(document, *args, **kwargs)
  File "/Users/user/Documents/ipynb RD статистика/pycharm/citylearn-2022-starter-kit-master/venv/lib/python3.9/site-packages/wandb/vendor/gql-0.2.0/wandb_gql/transport/requests.py", line 38, in execute
    request = requests.post(self.url, **post_args)
  File "/Users/user/Documents/ipynb RD статистика/pycharm/citylearn-2022-starter-kit-master/venv/lib/python3.9/site-packages/requests/api.py", line 115, in post
    return request("post", url, data=data, json=json, **kwargs)
  File "/Users/user/Documents/ipynb RD статистика/pycharm/citylearn-2022-starter-kit-master/venv/lib/python3.9/site-packages/requests/api.py", line 59, in request
    return session.request(method=method, url=url, **kwargs)
  File "/Users/user/Documents/ipynb RD статистика/pycharm/citylearn-2022-starter-kit-master/venv/lib/python3.9/site-packages/requests/sessions.py", line 587, in request
    resp = self.send(prep, **send_kwargs)
  File "/Users/user/Documents/ipynb RD статистика/pycharm/citylearn-2022-starter-kit-master/venv/lib/python3.9/site-packages/requests/sessions.py", line 701, in send
    r = adapter.send(request, **kwargs)
  File "/Users/user/Documents/ipynb RD статистика/pycharm/citylearn-2022-starter-kit-master/venv/lib/python3.9/site-packages/requests/adapters.py", line 565, in send
    raise ConnectionError(e, request=request)
requests.exceptions.ConnectionError: HTTPSConnectionPool(host='api.wandb.ai', port=443): Max retries exceeded with url: /graphql (Caused by NewConnectionError('<urllib3.connection.HTTPSConnection object at 0x10f890130>: Failed to establish a new connection: [Errno 8] nodename nor servname provided, or not known'))
2022-12-04 18:34:53,542 WARNING FileStreamThread:14036 [file_stream.py:request_with_retry():667] requests_with_retry encountered retryable exception: HTTPSConnectionPool(host='api.wandb.ai', port=443): Read timed out. (read timeout=None). func: <bound method Session.post of <requests.sessions.Session object at 0x10f799220>>, args: ('https://api.wandb.ai/files/m509ua/SAC/2s9e9ulj/file_stream',), kwargs: {'json': {'files': {'wandb-events.jsonl': {'offset': 8, 'content': ['{"system.disk": 84.32, "system.proc.memory.availableMB": 2128.36, "system.memory": 74.01, "system.proc.memory.rssMB": 195.11, "system.proc.memory.percent": 2.38, "system.cpu": 20.95, "system.cpu.0.cpu_percent": 91.51, "system.cpu.1.cpu_percent": 76.72, "system.cpu.2.cpu_percent": 90.83, "system.cpu.3.cpu_percent": 77.57, "system.proc.cpu.threads": 8, "system.network.sent": 326968251.73, "system.network.recv": 23132433.07, "_wandb": true, "_timestamp": 1670204066.030878, "_runtime": 509.125561}']}}, 'dropped': 0}}
2022-12-04 18:34:56,749 DEBUG   HandlerThread:14036 [handler.py:handle_request():139] handle_request: stop_status
2022-12-04 18:35:12,242 DEBUG   SenderThread:14036 [sender.py:send():303] send: stats
2022-12-04 18:35:12,242 DEBUG   SenderThread:14036 [sender.py:send_request():317] send_request: stop_status
2022-12-04 18:35:16,750 DEBUG   HandlerThread:14036 [handler.py:handle_request():139] handle_request: stop_status
2022-12-04 18:35:16,750 DEBUG   SenderThread:14036 [sender.py:send_request():317] send_request: stop_status
2022-12-04 18:35:26,044 DEBUG   SenderThread:14036 [sender.py:send():303] send: stats
2022-12-04 18:37:31,118 DEBUG   HandlerThread:14036 [handler.py:handle_request():139] handle_request: stop_status
2022-12-04 18:37:31,119 DEBUG   SenderThread:14036 [sender.py:send_request():317] send_request: stop_status
2022-12-04 18:37:34,669 ERROR   SenderThread:14036 [retry.py:__call__():154] Retry attempt failed:
Traceback (most recent call last):
  File "/Users/user/Documents/ipynb RD статистика/pycharm/citylearn-2022-starter-kit-master/venv/lib/python3.9/site-packages/urllib3/connection.py", line 174, in _new_conn
    conn = connection.create_connection(
  File "/Users/user/Documents/ipynb RD статистика/pycharm/citylearn-2022-starter-kit-master/venv/lib/python3.9/site-packages/urllib3/util/connection.py", line 72, in create_connection
    for res in socket.getaddrinfo(host, port, family, socket.SOCK_STREAM):
  File "/usr/local/Cellar/python@3.9/3.9.15/Frameworks/Python.framework/Versions/3.9/lib/python3.9/socket.py", line 954, in getaddrinfo
    for res in _socket.getaddrinfo(host, port, family, type, proto, flags):
socket.gaierror: [Errno 8] nodename nor servname provided, or not known

During handling of the above exception, another exception occurred:

Traceback (most recent call last):
  File "/Users/user/Documents/ipynb RD статистика/pycharm/citylearn-2022-starter-kit-master/venv/lib/python3.9/site-packages/urllib3/connectionpool.py", line 703, in urlopen
    httplib_response = self._make_request(
  File "/Users/user/Documents/ipynb RD статистика/pycharm/citylearn-2022-starter-kit-master/venv/lib/python3.9/site-packages/urllib3/connectionpool.py", line 386, in _make_request
    self._validate_conn(conn)
  File "/Users/user/Documents/ipynb RD статистика/pycharm/citylearn-2022-starter-kit-master/venv/lib/python3.9/site-packages/urllib3/connectionpool.py", line 1042, in _validate_conn
    conn.connect()
  File "/Users/user/Documents/ipynb RD статистика/pycharm/citylearn-2022-starter-kit-master/venv/lib/python3.9/site-packages/urllib3/connection.py", line 358, in connect
    self.sock = conn = self._new_conn()
  File "/Users/user/Documents/ipynb RD статистика/pycharm/citylearn-2022-starter-kit-master/venv/lib/python3.9/site-packages/urllib3/connection.py", line 186, in _new_conn
    raise NewConnectionError(
urllib3.exceptions.NewConnectionError: <urllib3.connection.HTTPSConnection object at 0x10f875d30>: Failed to establish a new connection: [Errno 8] nodename nor servname provided, or not known

During handling of the above exception, another exception occurred:

Traceback (most recent call last):
  File "/Users/user/Documents/ipynb RD статистика/pycharm/citylearn-2022-starter-kit-master/venv/lib/python3.9/site-packages/requests/adapters.py", line 489, in send
    resp = conn.urlopen(
  File "/Users/user/Documents/ipynb RD статистика/pycharm/citylearn-2022-starter-kit-master/venv/lib/python3.9/site-packages/urllib3/connectionpool.py", line 787, in urlopen
    retries = retries.increment(
  File "/Users/user/Documents/ipynb RD статистика/pycharm/citylearn-2022-starter-kit-master/venv/lib/python3.9/site-packages/urllib3/util/retry.py", line 592, in increment
    raise MaxRetryError(_pool, url, error or ResponseError(cause))
urllib3.exceptions.MaxRetryError: HTTPSConnectionPool(host='api.wandb.ai', port=443): Max retries exceeded with url: /graphql (Caused by NewConnectionError('<urllib3.connection.HTTPSConnection object at 0x10f875d30>: Failed to establish a new connection: [Errno 8] nodename nor servname provided, or not known'))

During handling of the above exception, another exception occurred:

Traceback (most recent call last):
  File "/Users/user/Documents/ipynb RD статистика/pycharm/citylearn-2022-starter-kit-master/venv/lib/python3.9/site-packages/wandb/sdk/lib/retry.py", line 113, in __call__
    result = self._call_fn(*args, **kwargs)
  File "/Users/user/Documents/ipynb RD статистика/pycharm/citylearn-2022-starter-kit-master/venv/lib/python3.9/site-packages/wandb/sdk/internal/internal_api.py", line 210, in execute
    return self.client.execute(*args, **kwargs)  # type: ignore
  File "/Users/user/Documents/ipynb RD статистика/pycharm/citylearn-2022-starter-kit-master/venv/lib/python3.9/site-packages/wandb/vendor/gql-0.2.0/wandb_gql/client.py", line 52, in execute
    result = self._get_result(document, *args, **kwargs)
  File "/Users/user/Documents/ipynb RD статистика/pycharm/citylearn-2022-starter-kit-master/venv/lib/python3.9/site-packages/wandb/vendor/gql-0.2.0/wandb_gql/client.py", line 60, in _get_result
    return self.transport.execute(document, *args, **kwargs)
  File "/Users/user/Documents/ipynb RD статистика/pycharm/citylearn-2022-starter-kit-master/venv/lib/python3.9/site-packages/wandb/vendor/gql-0.2.0/wandb_gql/transport/requests.py", line 38, in execute
    request = requests.post(self.url, **post_args)
  File "/Users/user/Documents/ipynb RD статистика/pycharm/citylearn-2022-starter-kit-master/venv/lib/python3.9/site-packages/requests/api.py", line 115, in post
    return request("post", url, data=data, json=json, **kwargs)
  File "/Users/user/Documents/ipynb RD статистика/pycharm/citylearn-2022-starter-kit-master/venv/lib/python3.9/site-packages/requests/api.py", line 59, in request
    return session.request(method=method, url=url, **kwargs)
  File "/Users/user/Documents/ipynb RD статистика/pycharm/citylearn-2022-starter-kit-master/venv/lib/python3.9/site-packages/requests/sessions.py", line 587, in request
    resp = self.send(prep, **send_kwargs)
  File "/Users/user/Documents/ipynb RD статистика/pycharm/citylearn-2022-starter-kit-master/venv/lib/python3.9/site-packages/requests/sessions.py", line 701, in send
    r = adapter.send(request, **kwargs)
  File "/Users/user/Documents/ipynb RD статистика/pycharm/citylearn-2022-starter-kit-master/venv/lib/python3.9/site-packages/requests/adapters.py", line 565, in send
    raise ConnectionError(e, request=request)
requests.exceptions.ConnectionError: HTTPSConnectionPool(host='api.wandb.ai', port=443): Max retries exceeded with url: /graphql (Caused by NewConnectionError('<urllib3.connection.HTTPSConnection object at 0x10f875d30>: Failed to establish a new connection: [Errno 8] nodename nor servname provided, or not known'))
2022-12-04 18:37:51,126 DEBUG   HandlerThread:14036 [handler.py:handle_request():139] handle_request: stop_status
2022-12-04 18:38:11,132 DEBUG   HandlerThread:14036 [handler.py:handle_request():139] handle_request: stop_status
2022-12-04 18:39:08,140 DEBUG   HandlerThread:14036 [handler.py:handle_request():139] handle_request: stop_status
2022-12-04 18:39:28,155 DEBUG   HandlerThread:14036 [handler.py:handle_request():139] handle_request: stop_status
2022-12-04 18:39:48,166 DEBUG   HandlerThread:14036 [handler.py:handle_request():139] handle_request: stop_status
2022-12-04 18:40:08,180 DEBUG   HandlerThread:14036 [handler.py:handle_request():139] handle_request: stop_status
2022-12-04 18:46:37,023 WARNING FileStreamThread:14036 [file_stream.py:request_with_retry():667] requests_with_retry encountered retryable exception: HTTPSConnectionPool(host='api.wandb.ai', port=443): Read timed out. (read timeout=None). func: <bound method Session.post of <requests.sessions.Session object at 0x10f799220>>, args: ('https://api.wandb.ai/files/m509ua/SAC/2s9e9ulj/file_stream',), kwargs: {'json': {'complete': False, 'failed': False, 'dropped': 0, 'uploaded': []}}
2022-12-04 18:46:39,394 WARNING FileStreamThread:14036 [file_stream.py:request_with_retry():667] requests_with_retry encountered retryable exception: HTTPSConnectionPool(host='api.wandb.ai', port=443): Max retries exceeded with url: /files/m509ua/SAC/2s9e9ulj/file_stream (Caused by NewConnectionError('<urllib3.connection.HTTPSConnection object at 0x10f880700>: Failed to establish a new connection: [Errno 8] nodename nor servname provided, or not known')). func: <bound method Session.post of <requests.sessions.Session object at 0x10f799220>>, args: ('https://api.wandb.ai/files/m509ua/SAC/2s9e9ulj/file_stream',), kwargs: {'json': {'complete': False, 'failed': False, 'dropped': 0, 'uploaded': []}}
2022-12-04 18:46:43,679 WARNING FileStreamThread:14036 [file_stream.py:request_with_retry():667] requests_with_retry encountered retryable exception: HTTPSConnectionPool(host='api.wandb.ai', port=443): Max retries exceeded with url: /files/m509ua/SAC/2s9e9ulj/file_stream (Caused by NewConnectionError('<urllib3.connection.HTTPSConnection object at 0x10f880280>: Failed to establish a new connection: [Errno 8] nodename nor servname provided, or not known')). func: <bound method Session.post of <requests.sessions.Session object at 0x10f799220>>, args: ('https://api.wandb.ai/files/m509ua/SAC/2s9e9ulj/file_stream',), kwargs: {'json': {'complete': False, 'failed': False, 'dropped': 0, 'uploaded': []}}
2022-12-04 18:46:52,198 WARNING FileStreamThread:14036 [file_stream.py:request_with_retry():667] requests_with_retry encountered retryable exception: HTTPSConnectionPool(host='api.wandb.ai', port=443): Max retries exceeded with url: /files/m509ua/SAC/2s9e9ulj/file_stream (Caused by NewConnectionError('<urllib3.connection.HTTPSConnection object at 0x10f8802b0>: Failed to establish a new connection: [Errno 8] nodename nor servname provided, or not known')). func: <bound method Session.post of <requests.sessions.Session object at 0x10f799220>>, args: ('https://api.wandb.ai/files/m509ua/SAC/2s9e9ulj/file_stream',), kwargs: {'json': {'complete': False, 'failed': False, 'dropped': 0, 'uploaded': []}}
2022-12-04 18:46:53,231 DEBUG   HandlerThread:14036 [handler.py:handle_request():139] handle_request: stop_status
2022-12-04 18:47:13,241 DEBUG   HandlerThread:14036 [handler.py:handle_request():139] handle_request: stop_status
2022-12-04 18:47:13,379 DEBUG   SenderThread:14036 [sender.py:send_request():317] send_request: stop_status
2022-12-04 18:47:13,718 DEBUG   SenderThread:14036 [sender.py:send():303] send: stats
2022-12-04 18:47:13,719 DEBUG   SenderThread:14036 [sender.py:send_request():317] send_request: stop_status
2022-12-04 18:47:14,316 DEBUG   SenderThread:14036 [sender.py:send():303] send: stats
2022-12-04 18:47:14,316 DEBUG   SenderThread:14036 [sender.py:send_request():317] send_request: stop_status
2022-12-04 18:47:14,594 DEBUG   SenderThread:14036 [sender.py:send_request():317] send_request: stop_status
2022-12-04 18:47:14,750 DEBUG   SenderThread:14036 [sender.py:send():303] send: stats
2022-12-04 18:47:14,750 DEBUG   SenderThread:14036 [sender.py:send_request():317] send_request: stop_status
2022-12-04 18:47:14,904 DEBUG   SenderThread:14036 [sender.py:send():303] send: stats
2022-12-04 18:47:14,904 DEBUG   SenderThread:14036 [sender.py:send_request():317] send_request: stop_status
2022-12-04 18:47:15,062 DEBUG   SenderThread:14036 [sender.py:send_request():317] send_request: stop_status
2022-12-04 18:47:15,216 DEBUG   SenderThread:14036 [sender.py:send():303] send: stats
2022-12-04 18:47:15,217 DEBUG   SenderThread:14036 [sender.py:send_request():317] send_request: stop_status
2022-12-04 18:47:30,376 DEBUG   HandlerThread:14036 [handler.py:handle_request():139] handle_request: stop_status
2022-12-04 18:47:30,378 DEBUG   SenderThread:14036 [sender.py:send_request():317] send_request: stop_status
2022-12-04 18:47:37,029 DEBUG   SenderThread:14036 [sender.py:send():303] send: stats
2022-12-04 18:47:46,363 DEBUG   HandlerThread:14036 [handler.py:handle_request():139] handle_request: stop_status
2022-12-04 18:47:46,364 DEBUG   SenderThread:14036 [sender.py:send_request():317] send_request: stop_status
2022-12-04 18:48:04,165 DEBUG   HandlerThread:14036 [handler.py:handle_request():139] handle_request: stop_status
2022-12-04 18:48:04,169 DEBUG   SenderThread:14036 [sender.py:send_request():317] send_request: stop_status
2022-12-04 18:48:08,870 DEBUG   SenderThread:14036 [sender.py:send():303] send: stats
2022-12-04 18:48:23,895 DEBUG   HandlerThread:14036 [handler.py:handle_request():139] handle_request: stop_status
2022-12-04 18:48:23,895 DEBUG   SenderThread:14036 [sender.py:send_request():317] send_request: stop_status
2022-12-04 21:44:00,614 DEBUG   SenderThread:14036 [sender.py:send():303] send: stats
2022-12-04 21:44:00,752 DEBUG   HandlerThread:14036 [handler.py:handle_request():139] handle_request: stop_status
2022-12-04 21:44:00,831 DEBUG   SenderThread:14036 [sender.py:send_request():317] send_request: stop_status
2022-12-04 21:44:05,299 ERROR   SenderThread:14036 [retry.py:__call__():154] Retry attempt failed:
Traceback (most recent call last):
  File "/Users/user/Documents/ipynb RD статистика/pycharm/citylearn-2022-starter-kit-master/venv/lib/python3.9/site-packages/urllib3/connection.py", line 174, in _new_conn
    conn = connection.create_connection(
  File "/Users/user/Documents/ipynb RD статистика/pycharm/citylearn-2022-starter-kit-master/venv/lib/python3.9/site-packages/urllib3/util/connection.py", line 72, in create_connection
    for res in socket.getaddrinfo(host, port, family, socket.SOCK_STREAM):
  File "/usr/local/Cellar/python@3.9/3.9.15/Frameworks/Python.framework/Versions/3.9/lib/python3.9/socket.py", line 954, in getaddrinfo
    for res in _socket.getaddrinfo(host, port, family, type, proto, flags):
socket.gaierror: [Errno 8] nodename nor servname provided, or not known

During handling of the above exception, another exception occurred:

Traceback (most recent call last):
  File "/Users/user/Documents/ipynb RD статистика/pycharm/citylearn-2022-starter-kit-master/venv/lib/python3.9/site-packages/urllib3/connectionpool.py", line 703, in urlopen
    httplib_response = self._make_request(
  File "/Users/user/Documents/ipynb RD статистика/pycharm/citylearn-2022-starter-kit-master/venv/lib/python3.9/site-packages/urllib3/connectionpool.py", line 386, in _make_request
    self._validate_conn(conn)
  File "/Users/user/Documents/ipynb RD статистика/pycharm/citylearn-2022-starter-kit-master/venv/lib/python3.9/site-packages/urllib3/connectionpool.py", line 1042, in _validate_conn
    conn.connect()
  File "/Users/user/Documents/ipynb RD статистика/pycharm/citylearn-2022-starter-kit-master/venv/lib/python3.9/site-packages/urllib3/connection.py", line 358, in connect
    self.sock = conn = self._new_conn()
  File "/Users/user/Documents/ipynb RD статистика/pycharm/citylearn-2022-starter-kit-master/venv/lib/python3.9/site-packages/urllib3/connection.py", line 186, in _new_conn
    raise NewConnectionError(
urllib3.exceptions.NewConnectionError: <urllib3.connection.HTTPSConnection object at 0x10f880d30>: Failed to establish a new connection: [Errno 8] nodename nor servname provided, or not known

During handling of the above exception, another exception occurred:

Traceback (most recent call last):
  File "/Users/user/Documents/ipynb RD статистика/pycharm/citylearn-2022-starter-kit-master/venv/lib/python3.9/site-packages/requests/adapters.py", line 489, in send
    resp = conn.urlopen(
  File "/Users/user/Documents/ipynb RD статистика/pycharm/citylearn-2022-starter-kit-master/venv/lib/python3.9/site-packages/urllib3/connectionpool.py", line 787, in urlopen
    retries = retries.increment(
  File "/Users/user/Documents/ipynb RD статистика/pycharm/citylearn-2022-starter-kit-master/venv/lib/python3.9/site-packages/urllib3/util/retry.py", line 592, in increment
    raise MaxRetryError(_pool, url, error or ResponseError(cause))
urllib3.exceptions.MaxRetryError: HTTPSConnectionPool(host='api.wandb.ai', port=443): Max retries exceeded with url: /graphql (Caused by NewConnectionError('<urllib3.connection.HTTPSConnection object at 0x10f880d30>: Failed to establish a new connection: [Errno 8] nodename nor servname provided, or not known'))

During handling of the above exception, another exception occurred:

Traceback (most recent call last):
  File "/Users/user/Documents/ipynb RD статистика/pycharm/citylearn-2022-starter-kit-master/venv/lib/python3.9/site-packages/wandb/sdk/lib/retry.py", line 113, in __call__
    result = self._call_fn(*args, **kwargs)
  File "/Users/user/Documents/ipynb RD статистика/pycharm/citylearn-2022-starter-kit-master/venv/lib/python3.9/site-packages/wandb/sdk/internal/internal_api.py", line 210, in execute
    return self.client.execute(*args, **kwargs)  # type: ignore
  File "/Users/user/Documents/ipynb RD статистика/pycharm/citylearn-2022-starter-kit-master/venv/lib/python3.9/site-packages/wandb/vendor/gql-0.2.0/wandb_gql/client.py", line 52, in execute
    result = self._get_result(document, *args, **kwargs)
  File "/Users/user/Documents/ipynb RD статистика/pycharm/citylearn-2022-starter-kit-master/venv/lib/python3.9/site-packages/wandb/vendor/gql-0.2.0/wandb_gql/client.py", line 60, in _get_result
    return self.transport.execute(document, *args, **kwargs)
  File "/Users/user/Documents/ipynb RD статистика/pycharm/citylearn-2022-starter-kit-master/venv/lib/python3.9/site-packages/wandb/vendor/gql-0.2.0/wandb_gql/transport/requests.py", line 38, in execute
    request = requests.post(self.url, **post_args)
  File "/Users/user/Documents/ipynb RD статистика/pycharm/citylearn-2022-starter-kit-master/venv/lib/python3.9/site-packages/requests/api.py", line 115, in post
    return request("post", url, data=data, json=json, **kwargs)
  File "/Users/user/Documents/ipynb RD статистика/pycharm/citylearn-2022-starter-kit-master/venv/lib/python3.9/site-packages/requests/api.py", line 59, in request
    return session.request(method=method, url=url, **kwargs)
  File "/Users/user/Documents/ipynb RD статистика/pycharm/citylearn-2022-starter-kit-master/venv/lib/python3.9/site-packages/requests/sessions.py", line 587, in request
    resp = self.send(prep, **send_kwargs)
  File "/Users/user/Documents/ipynb RD статистика/pycharm/citylearn-2022-starter-kit-master/venv/lib/python3.9/site-packages/requests/sessions.py", line 701, in send
    r = adapter.send(request, **kwargs)
  File "/Users/user/Documents/ipynb RD статистика/pycharm/citylearn-2022-starter-kit-master/venv/lib/python3.9/site-packages/requests/adapters.py", line 565, in send
    raise ConnectionError(e, request=request)
requests.exceptions.ConnectionError: HTTPSConnectionPool(host='api.wandb.ai', port=443): Max retries exceeded with url: /graphql (Caused by NewConnectionError('<urllib3.connection.HTTPSConnection object at 0x10f880d30>: Failed to establish a new connection: [Errno 8] nodename nor servname provided, or not known'))
2022-12-04 21:44:20,756 DEBUG   HandlerThread:14036 [handler.py:handle_request():139] handle_request: stop_status
2022-12-04 21:44:37,479 DEBUG   SenderThread:14036 [sender.py:send_request():317] send_request: stop_status
2022-12-04 21:44:37,812 DEBUG   SenderThread:14036 [sender.py:send():303] send: stats
2022-12-04 21:44:40,531 DEBUG   HandlerThread:14036 [handler.py:handle_request():139] handle_request: stop_status
2022-12-04 21:44:40,531 DEBUG   SenderThread:14036 [sender.py:send_request():317] send_request: stop_status
2022-12-04 21:44:55,777 DEBUG   HandlerThread:14036 [handler.py:handle_request():139] handle_request: stop_status
2022-12-04 21:44:55,777 DEBUG   SenderThread:14036 [sender.py:send_request():317] send_request: stop_status
2022-12-04 21:45:00,596 DEBUG   SenderThread:14036 [sender.py:send():303] send: stats
2022-12-04 21:45:11,060 DEBUG   HandlerThread:14036 [handler.py:handle_request():139] handle_request: stop_status
2022-12-04 21:45:11,064 DEBUG   SenderThread:14036 [sender.py:send_request():317] send_request: stop_status
2022-12-04 21:45:20,653 WARNING FileStreamThread:14036 [file_stream.py:request_with_retry():667] requests_with_retry encountered retryable exception: HTTPSConnectionPool(host='api.wandb.ai', port=443): Read timed out. (read timeout=None). func: <bound method Session.post of <requests.sessions.Session object at 0x10f799220>>, args: ('https://api.wandb.ai/files/m509ua/SAC/2s9e9ulj/file_stream',), kwargs: {'json': {'files': {'wandb-events.jsonl': {'offset': 17, 'content': ['{"system.cpu": 48.89, "system.cpu.0.cpu_percent": 79.23, "system.cpu.1.cpu_percent": 39.03, "system.cpu.2.cpu_percent": 81.25, "system.cpu.3.cpu_percent": 35.95, "system.proc.cpu.threads": 8, "system.proc.memory.availableMB": 1904.29, "system.memory": 76.75, "system.proc.memory.rssMB": 208.09, "system.proc.memory.percent": 2.54, "system.disk": 84.6, "system.network.sent": 401202722.13, "system.network.recv": 25803776.0, "_wandb": true, "_timestamp": 1670204887.034885, "_runtime": 1330.129568}']}}, 'dropped': 0}}
2022-12-04 21:45:30,599 DEBUG   SenderThread:14036 [sender.py:send():303] send: stats
2022-12-04 21:46:00,629 DEBUG   SenderThread:14036 [sender.py:send():303] send: stats
2022-12-04 21:46:30,608 DEBUG   SenderThread:14036 [sender.py:send():303] send: stats
2022-12-04 21:47:00,608 DEBUG   SenderThread:14036 [sender.py:send():303] send: stats
2022-12-04 21:47:30,615 DEBUG   SenderThread:14036 [sender.py:send():303] send: stats
2022-12-04 21:48:00,611 DEBUG   SenderThread:14036 [sender.py:send():303] send: stats
2022-12-04 21:48:30,613 DEBUG   SenderThread:14036 [sender.py:send():303] send: stats
2022-12-04 21:49:00,617 DEBUG   SenderThread:14036 [sender.py:send():303] send: stats
2022-12-04 21:49:30,618 DEBUG   SenderThread:14036 [sender.py:send():303] send: stats
2022-12-04 21:50:00,619 DEBUG   SenderThread:14036 [sender.py:send():303] send: stats
2022-12-04 21:50:30,622 DEBUG   SenderThread:14036 [sender.py:send():303] send: stats
2022-12-04 21:51:00,622 DEBUG   SenderThread:14036 [sender.py:send():303] send: stats
2022-12-04 21:51:30,624 DEBUG   SenderThread:14036 [sender.py:send():303] send: stats
2022-12-04 21:52:00,625 DEBUG   SenderThread:14036 [sender.py:send():303] send: stats
2022-12-04 21:52:30,626 DEBUG   SenderThread:14036 [sender.py:send():303] send: stats
2022-12-04 21:53:00,627 DEBUG   SenderThread:14036 [sender.py:send():303] send: stats
2022-12-04 21:53:30,628 DEBUG   SenderThread:14036 [sender.py:send():303] send: stats
2022-12-04 21:54:00,633 DEBUG   SenderThread:14036 [sender.py:send():303] send: stats
2022-12-04 21:54:30,633 DEBUG   SenderThread:14036 [sender.py:send():303] send: stats
2022-12-04 21:55:00,640 DEBUG   SenderThread:14036 [sender.py:send():303] send: stats
2022-12-04 21:55:30,640 DEBUG   SenderThread:14036 [sender.py:send():303] send: stats
2022-12-04 21:56:00,644 DEBUG   SenderThread:14036 [sender.py:send():303] send: stats
2022-12-04 21:56:30,644 DEBUG   SenderThread:14036 [sender.py:send():303] send: stats
2022-12-04 21:57:00,646 DEBUG   SenderThread:14036 [sender.py:send():303] send: stats
2022-12-04 21:57:30,650 DEBUG   SenderThread:14036 [sender.py:send():303] send: stats
2022-12-04 21:58:00,650 DEBUG   SenderThread:14036 [sender.py:send():303] send: stats
2022-12-04 21:58:30,652 DEBUG   SenderThread:14036 [sender.py:send():303] send: stats
2022-12-04 21:59:00,654 DEBUG   SenderThread:14036 [sender.py:send():303] send: stats
2022-12-04 21:59:30,661 DEBUG   SenderThread:14036 [sender.py:send():303] send: stats
2022-12-04 22:00:00,661 DEBUG   SenderThread:14036 [sender.py:send():303] send: stats
2022-12-04 22:00:30,664 DEBUG   SenderThread:14036 [sender.py:send():303] send: stats
2022-12-04 22:01:00,670 DEBUG   SenderThread:14036 [sender.py:send():303] send: stats
2022-12-04 22:01:30,675 DEBUG   SenderThread:14036 [sender.py:send():303] send: stats
2022-12-04 22:02:00,678 DEBUG   SenderThread:14036 [sender.py:send():303] send: stats
2022-12-04 22:02:30,683 DEBUG   SenderThread:14036 [sender.py:send():303] send: stats
2022-12-04 22:03:00,684 DEBUG   SenderThread:14036 [sender.py:send():303] send: stats
2022-12-04 22:03:30,684 DEBUG   SenderThread:14036 [sender.py:send():303] send: stats
2022-12-04 22:04:00,686 DEBUG   SenderThread:14036 [sender.py:send():303] send: stats
2022-12-04 22:04:30,687 DEBUG   SenderThread:14036 [sender.py:send():303] send: stats
2022-12-04 22:05:00,691 DEBUG   SenderThread:14036 [sender.py:send():303] send: stats
2022-12-04 22:05:30,693 DEBUG   SenderThread:14036 [sender.py:send():303] send: stats
2022-12-04 22:06:00,695 DEBUG   SenderThread:14036 [sender.py:send():303] send: stats
2022-12-04 22:06:30,698 DEBUG   SenderThread:14036 [sender.py:send():303] send: stats
2022-12-04 22:07:00,699 DEBUG   SenderThread:14036 [sender.py:send():303] send: stats
2022-12-04 22:07:30,706 DEBUG   SenderThread:14036 [sender.py:send():303] send: stats
2022-12-04 22:08:00,711 DEBUG   SenderThread:14036 [sender.py:send():303] send: stats
2022-12-04 22:08:30,712 DEBUG   SenderThread:14036 [sender.py:send():303] send: stats
2022-12-04 22:09:00,713 DEBUG   SenderThread:14036 [sender.py:send():303] send: stats
2022-12-04 22:09:30,716 DEBUG   SenderThread:14036 [sender.py:send():303] send: stats
2022-12-04 22:10:00,721 DEBUG   SenderThread:14036 [sender.py:send():303] send: stats
2022-12-04 22:10:30,722 DEBUG   SenderThread:14036 [sender.py:send():303] send: stats
2022-12-04 22:11:00,729 DEBUG   SenderThread:14036 [sender.py:send():303] send: stats
2022-12-04 22:11:30,730 DEBUG   SenderThread:14036 [sender.py:send():303] send: stats
2022-12-04 22:12:00,732 DEBUG   SenderThread:14036 [sender.py:send():303] send: stats
2022-12-04 22:12:30,734 DEBUG   SenderThread:14036 [sender.py:send():303] send: stats
2022-12-04 22:13:00,737 DEBUG   SenderThread:14036 [sender.py:send():303] send: stats
2022-12-04 22:13:30,742 DEBUG   SenderThread:14036 [sender.py:send():303] send: stats
2022-12-04 22:14:00,748 DEBUG   SenderThread:14036 [sender.py:send():303] send: stats
2022-12-04 22:14:30,744 DEBUG   SenderThread:14036 [sender.py:send():303] send: stats
2022-12-04 22:15:00,744 DEBUG   SenderThread:14036 [sender.py:send():303] send: stats
2022-12-04 22:15:30,747 DEBUG   SenderThread:14036 [sender.py:send():303] send: stats
2022-12-04 22:16:00,748 DEBUG   SenderThread:14036 [sender.py:send():303] send: stats
2022-12-04 22:16:30,753 DEBUG   SenderThread:14036 [sender.py:send():303] send: stats
2022-12-04 22:17:00,753 DEBUG   SenderThread:14036 [sender.py:send():303] send: stats
2022-12-04 22:17:30,762 DEBUG   SenderThread:14036 [sender.py:send():303] send: stats
2022-12-04 22:18:00,763 DEBUG   SenderThread:14036 [sender.py:send():303] send: stats
2022-12-04 22:18:30,766 DEBUG   SenderThread:14036 [sender.py:send():303] send: stats
2022-12-04 22:19:00,773 DEBUG   SenderThread:14036 [sender.py:send():303] send: stats
2022-12-04 22:19:30,776 DEBUG   SenderThread:14036 [sender.py:send():303] send: stats
2022-12-04 22:20:00,779 DEBUG   SenderThread:14036 [sender.py:send():303] send: stats
2022-12-04 22:20:30,780 DEBUG   SenderThread:14036 [sender.py:send():303] send: stats
2022-12-04 22:21:00,784 DEBUG   SenderThread:14036 [sender.py:send():303] send: stats
2022-12-04 22:21:30,791 DEBUG   SenderThread:14036 [sender.py:send():303] send: stats
2022-12-04 22:22:00,797 DEBUG   SenderThread:14036 [sender.py:send():303] send: stats
2022-12-04 22:22:30,804 DEBUG   SenderThread:14036 [sender.py:send():303] send: stats
2022-12-04 22:23:00,808 DEBUG   SenderThread:14036 [sender.py:send():303] send: stats
2022-12-04 22:23:30,813 DEBUG   SenderThread:14036 [sender.py:send():303] send: stats
2022-12-04 22:24:00,819 DEBUG   SenderThread:14036 [sender.py:send():303] send: stats
2022-12-04 22:24:30,819 DEBUG   SenderThread:14036 [sender.py:send():303] send: stats
2022-12-04 22:25:00,820 DEBUG   SenderThread:14036 [sender.py:send():303] send: stats
2022-12-04 22:25:30,824 DEBUG   SenderThread:14036 [sender.py:send():303] send: stats
2022-12-04 22:26:00,825 DEBUG   SenderThread:14036 [sender.py:send():303] send: stats
2022-12-04 22:26:30,826 DEBUG   SenderThread:14036 [sender.py:send():303] send: stats
2022-12-04 22:27:00,828 DEBUG   SenderThread:14036 [sender.py:send():303] send: stats
2022-12-04 22:27:30,832 DEBUG   SenderThread:14036 [sender.py:send():303] send: stats
2022-12-04 22:28:00,834 DEBUG   SenderThread:14036 [sender.py:send():303] send: stats
2022-12-04 22:28:30,836 DEBUG   SenderThread:14036 [sender.py:send():303] send: stats
2022-12-04 22:29:00,840 DEBUG   SenderThread:14036 [sender.py:send():303] send: stats
2022-12-04 22:29:30,841 DEBUG   SenderThread:14036 [sender.py:send():303] send: stats
2022-12-04 22:30:00,847 DEBUG   SenderThread:14036 [sender.py:send():303] send: stats
2022-12-04 22:30:30,850 DEBUG   SenderThread:14036 [sender.py:send():303] send: stats
2022-12-04 22:31:00,851 DEBUG   SenderThread:14036 [sender.py:send():303] send: stats
2022-12-04 22:31:30,852 DEBUG   SenderThread:14036 [sender.py:send():303] send: stats
2022-12-04 22:32:00,855 DEBUG   SenderThread:14036 [sender.py:send():303] send: stats
2022-12-04 22:32:30,856 DEBUG   SenderThread:14036 [sender.py:send():303] send: stats
2022-12-04 22:33:00,857 DEBUG   SenderThread:14036 [sender.py:send():303] send: stats
2022-12-04 22:33:30,862 DEBUG   SenderThread:14036 [sender.py:send():303] send: stats
2022-12-04 22:34:00,865 DEBUG   SenderThread:14036 [sender.py:send():303] send: stats
2022-12-04 22:34:30,865 DEBUG   SenderThread:14036 [sender.py:send():303] send: stats
2022-12-04 22:35:00,867 DEBUG   SenderThread:14036 [sender.py:send():303] send: stats
2022-12-04 22:35:30,872 DEBUG   SenderThread:14036 [sender.py:send():303] send: stats
2022-12-04 22:36:00,874 DEBUG   SenderThread:14036 [sender.py:send():303] send: stats
2022-12-04 22:36:30,878 DEBUG   SenderThread:14036 [sender.py:send():303] send: stats
2022-12-04 22:37:00,880 DEBUG   SenderThread:14036 [sender.py:send():303] send: stats
2022-12-04 22:37:30,884 DEBUG   SenderThread:14036 [sender.py:send():303] send: stats
2022-12-04 22:38:00,885 DEBUG   SenderThread:14036 [sender.py:send():303] send: stats
2022-12-04 22:38:30,889 DEBUG   SenderThread:14036 [sender.py:send():303] send: stats
2022-12-04 22:39:00,890 DEBUG   SenderThread:14036 [sender.py:send():303] send: stats
2022-12-04 22:39:30,891 DEBUG   SenderThread:14036 [sender.py:send():303] send: stats
2022-12-04 22:40:00,893 DEBUG   SenderThread:14036 [sender.py:send():303] send: stats
2022-12-04 22:40:30,895 DEBUG   SenderThread:14036 [sender.py:send():303] send: stats
2022-12-04 22:41:00,901 DEBUG   SenderThread:14036 [sender.py:send():303] send: stats
2022-12-04 22:41:30,902 DEBUG   SenderThread:14036 [sender.py:send():303] send: stats
2022-12-04 22:42:00,904 DEBUG   SenderThread:14036 [sender.py:send():303] send: stats
2022-12-04 22:42:30,904 DEBUG   SenderThread:14036 [sender.py:send():303] send: stats
2022-12-04 22:43:00,907 DEBUG   SenderThread:14036 [sender.py:send():303] send: stats
2022-12-04 22:43:30,915 DEBUG   SenderThread:14036 [sender.py:send():303] send: stats
2022-12-04 22:44:00,916 DEBUG   SenderThread:14036 [sender.py:send():303] send: stats
2022-12-04 22:44:30,923 DEBUG   SenderThread:14036 [sender.py:send():303] send: stats
2022-12-04 22:45:00,927 DEBUG   SenderThread:14036 [sender.py:send():303] send: stats
2022-12-04 22:45:30,930 DEBUG   SenderThread:14036 [sender.py:send():303] send: stats
2022-12-04 22:46:00,932 DEBUG   SenderThread:14036 [sender.py:send():303] send: stats
2022-12-04 22:46:30,940 DEBUG   SenderThread:14036 [sender.py:send():303] send: stats
2022-12-04 22:47:00,942 DEBUG   SenderThread:14036 [sender.py:send():303] send: stats
2022-12-04 22:47:30,948 DEBUG   SenderThread:14036 [sender.py:send():303] send: stats
2022-12-04 22:48:00,948 DEBUG   SenderThread:14036 [sender.py:send():303] send: stats
2022-12-04 22:48:30,956 DEBUG   SenderThread:14036 [sender.py:send():303] send: stats
2022-12-04 22:49:00,957 DEBUG   SenderThread:14036 [sender.py:send():303] send: stats
2022-12-04 22:49:30,958 DEBUG   SenderThread:14036 [sender.py:send():303] send: stats
2022-12-04 22:50:00,960 DEBUG   SenderThread:14036 [sender.py:send():303] send: stats
2022-12-04 22:50:30,961 DEBUG   SenderThread:14036 [sender.py:send():303] send: stats
2022-12-04 22:51:00,966 DEBUG   SenderThread:14036 [sender.py:send():303] send: stats
2022-12-04 22:51:30,970 DEBUG   SenderThread:14036 [sender.py:send():303] send: stats
2022-12-04 22:52:00,977 DEBUG   SenderThread:14036 [sender.py:send():303] send: stats
2022-12-04 22:52:30,980 DEBUG   SenderThread:14036 [sender.py:send():303] send: stats
2022-12-04 22:53:00,982 DEBUG   SenderThread:14036 [sender.py:send():303] send: stats
2022-12-04 22:53:30,988 DEBUG   SenderThread:14036 [sender.py:send():303] send: stats
2022-12-04 22:54:00,994 DEBUG   SenderThread:14036 [sender.py:send():303] send: stats
2022-12-04 22:54:30,998 DEBUG   SenderThread:14036 [sender.py:send():303] send: stats
2022-12-04 22:55:00,999 DEBUG   SenderThread:14036 [sender.py:send():303] send: stats
2022-12-04 22:55:31,002 DEBUG   SenderThread:14036 [sender.py:send():303] send: stats
2022-12-04 22:56:01,007 DEBUG   SenderThread:14036 [sender.py:send():303] send: stats
2022-12-04 22:56:31,009 DEBUG   SenderThread:14036 [sender.py:send():303] send: stats
2022-12-04 22:57:01,010 DEBUG   SenderThread:14036 [sender.py:send():303] send: stats
2022-12-04 22:57:31,011 DEBUG   SenderThread:14036 [sender.py:send():303] send: stats
2022-12-04 22:58:01,014 DEBUG   SenderThread:14036 [sender.py:send():303] send: stats
2022-12-04 22:58:31,016 DEBUG   SenderThread:14036 [sender.py:send():303] send: stats
2022-12-04 22:59:01,018 DEBUG   SenderThread:14036 [sender.py:send():303] send: stats
2022-12-04 22:59:31,021 DEBUG   SenderThread:14036 [sender.py:send():303] send: stats
2022-12-04 23:00:01,023 DEBUG   SenderThread:14036 [sender.py:send():303] send: stats
2022-12-04 23:00:31,024 DEBUG   SenderThread:14036 [sender.py:send():303] send: stats
2022-12-04 23:01:01,027 DEBUG   SenderThread:14036 [sender.py:send():303] send: stats
2022-12-04 23:01:31,030 DEBUG   SenderThread:14036 [sender.py:send():303] send: stats
2022-12-04 23:02:01,032 DEBUG   SenderThread:14036 [sender.py:send():303] send: stats
2022-12-04 23:02:31,034 DEBUG   SenderThread:14036 [sender.py:send():303] send: stats
2022-12-04 23:03:01,036 DEBUG   SenderThread:14036 [sender.py:send():303] send: stats
2022-12-04 23:03:31,037 DEBUG   SenderThread:14036 [sender.py:send():303] send: stats
2022-12-04 23:04:01,038 DEBUG   SenderThread:14036 [sender.py:send():303] send: stats
2022-12-04 23:04:31,041 DEBUG   SenderThread:14036 [sender.py:send():303] send: stats
2022-12-04 23:05:01,043 DEBUG   SenderThread:14036 [sender.py:send():303] send: stats
2022-12-04 23:05:31,045 DEBUG   SenderThread:14036 [sender.py:send():303] send: stats
2022-12-04 23:06:01,047 DEBUG   SenderThread:14036 [sender.py:send():303] send: stats
2022-12-04 23:06:31,050 DEBUG   SenderThread:14036 [sender.py:send():303] send: stats
2022-12-04 23:07:01,052 DEBUG   SenderThread:14036 [sender.py:send():303] send: stats
2022-12-04 23:07:31,054 DEBUG   SenderThread:14036 [sender.py:send():303] send: stats
2022-12-04 23:08:01,055 DEBUG   SenderThread:14036 [sender.py:send():303] send: stats
2022-12-04 23:08:31,057 DEBUG   SenderThread:14036 [sender.py:send():303] send: stats
2022-12-04 23:09:01,064 DEBUG   SenderThread:14036 [sender.py:send():303] send: stats
2022-12-04 23:09:31,071 DEBUG   SenderThread:14036 [sender.py:send():303] send: stats
2022-12-04 23:10:01,072 DEBUG   SenderThread:14036 [sender.py:send():303] send: stats
2022-12-04 23:10:31,074 DEBUG   SenderThread:14036 [sender.py:send():303] send: stats
2022-12-04 23:11:01,080 DEBUG   SenderThread:14036 [sender.py:send():303] send: stats
2022-12-04 23:11:31,084 DEBUG   SenderThread:14036 [sender.py:send():303] send: stats
2022-12-04 23:12:01,089 DEBUG   SenderThread:14036 [sender.py:send():303] send: stats
2022-12-04 23:12:31,093 DEBUG   SenderThread:14036 [sender.py:send():303] send: stats
2022-12-04 23:13:01,096 DEBUG   SenderThread:14036 [sender.py:send():303] send: stats
2022-12-04 23:13:31,098 DEBUG   SenderThread:14036 [sender.py:send():303] send: stats
2022-12-04 23:14:01,100 DEBUG   SenderThread:14036 [sender.py:send():303] send: stats
2022-12-04 23:14:31,101 DEBUG   SenderThread:14036 [sender.py:send():303] send: stats
2022-12-04 23:15:01,105 DEBUG   SenderThread:14036 [sender.py:send():303] send: stats
2022-12-04 23:15:31,106 DEBUG   SenderThread:14036 [sender.py:send():303] send: stats
2022-12-04 23:16:01,108 DEBUG   SenderThread:14036 [sender.py:send():303] send: stats
2022-12-04 23:16:31,112 DEBUG   SenderThread:14036 [sender.py:send():303] send: stats
2022-12-04 23:17:01,114 DEBUG   SenderThread:14036 [sender.py:send():303] send: stats
2022-12-04 23:17:31,123 DEBUG   SenderThread:14036 [sender.py:send():303] send: stats
2022-12-04 23:18:01,125 DEBUG   SenderThread:14036 [sender.py:send():303] send: stats
2022-12-04 23:18:31,129 DEBUG   SenderThread:14036 [sender.py:send():303] send: stats
2022-12-04 23:19:01,130 DEBUG   SenderThread:14036 [sender.py:send():303] send: stats
2022-12-04 23:19:31,131 DEBUG   SenderThread:14036 [sender.py:send():303] send: stats
2022-12-04 23:20:01,133 DEBUG   SenderThread:14036 [sender.py:send():303] send: stats
2022-12-04 23:20:31,138 DEBUG   SenderThread:14036 [sender.py:send():303] send: stats
2022-12-04 23:21:01,139 DEBUG   SenderThread:14036 [sender.py:send():303] send: stats
2022-12-04 23:21:31,141 DEBUG   SenderThread:14036 [sender.py:send():303] send: stats
2022-12-04 23:22:01,143 DEBUG   SenderThread:14036 [sender.py:send():303] send: stats
2022-12-04 23:22:31,148 DEBUG   SenderThread:14036 [sender.py:send():303] send: stats
2022-12-04 23:23:01,150 DEBUG   SenderThread:14036 [sender.py:send():303] send: stats
2022-12-04 23:23:31,154 DEBUG   SenderThread:14036 [sender.py:send():303] send: stats
2022-12-04 23:24:01,155 DEBUG   SenderThread:14036 [sender.py:send():303] send: stats
2022-12-04 23:24:31,161 DEBUG   SenderThread:14036 [sender.py:send():303] send: stats
2022-12-04 23:25:01,163 DEBUG   SenderThread:14036 [sender.py:send():303] send: stats
2022-12-04 23:25:31,165 DEBUG   SenderThread:14036 [sender.py:send():303] send: stats
2022-12-04 23:26:01,165 DEBUG   SenderThread:14036 [sender.py:send():303] send: stats
2022-12-04 23:26:31,172 DEBUG   SenderThread:14036 [sender.py:send():303] send: stats
2022-12-04 23:27:01,173 DEBUG   SenderThread:14036 [sender.py:send():303] send: stats
2022-12-04 23:27:31,175 DEBUG   SenderThread:14036 [sender.py:send():303] send: stats
2022-12-04 23:28:01,185 DEBUG   SenderThread:14036 [sender.py:send():303] send: stats
2022-12-04 23:28:31,186 DEBUG   SenderThread:14036 [sender.py:send():303] send: stats
2022-12-04 23:29:01,193 DEBUG   SenderThread:14036 [sender.py:send():303] send: stats
2022-12-04 23:29:31,193 DEBUG   SenderThread:14036 [sender.py:send():303] send: stats
2022-12-04 23:30:01,197 DEBUG   SenderThread:14036 [sender.py:send():303] send: stats
2022-12-04 23:30:31,199 DEBUG   SenderThread:14036 [sender.py:send():303] send: stats
2022-12-04 23:31:01,200 DEBUG   SenderThread:14036 [sender.py:send():303] send: stats
2022-12-04 23:31:31,208 DEBUG   SenderThread:14036 [sender.py:send():303] send: stats
2022-12-04 23:32:01,209 DEBUG   SenderThread:14036 [sender.py:send():303] send: stats
2022-12-04 23:32:31,217 DEBUG   SenderThread:14036 [sender.py:send():303] send: stats
2022-12-04 23:33:01,219 DEBUG   SenderThread:14036 [sender.py:send():303] send: stats
2022-12-04 23:33:31,221 DEBUG   SenderThread:14036 [sender.py:send():303] send: stats
2022-12-04 23:34:01,230 DEBUG   SenderThread:14036 [sender.py:send():303] send: stats
2022-12-04 23:34:31,231 DEBUG   SenderThread:14036 [sender.py:send():303] send: stats
2022-12-04 23:35:01,235 DEBUG   SenderThread:14036 [sender.py:send():303] send: stats
2022-12-04 23:35:31,239 DEBUG   SenderThread:14036 [sender.py:send():303] send: stats
2022-12-04 23:36:01,244 DEBUG   SenderThread:14036 [sender.py:send():303] send: stats
2022-12-04 23:36:31,247 DEBUG   SenderThread:14036 [sender.py:send():303] send: stats
2022-12-04 23:37:01,254 DEBUG   SenderThread:14036 [sender.py:send():303] send: stats
2022-12-04 23:37:31,254 DEBUG   SenderThread:14036 [sender.py:send():303] send: stats
2022-12-04 23:38:01,260 DEBUG   SenderThread:14036 [sender.py:send():303] send: stats
2022-12-04 23:38:31,263 DEBUG   SenderThread:14036 [sender.py:send():303] send: stats
2022-12-04 23:39:01,266 DEBUG   SenderThread:14036 [sender.py:send():303] send: stats
2022-12-04 23:39:31,266 DEBUG   SenderThread:14036 [sender.py:send():303] send: stats
2022-12-04 23:40:01,267 DEBUG   SenderThread:14036 [sender.py:send():303] send: stats
2022-12-04 23:40:31,268 DEBUG   SenderThread:14036 [sender.py:send():303] send: stats
2022-12-04 23:41:01,269 DEBUG   SenderThread:14036 [sender.py:send():303] send: stats
2022-12-04 23:41:31,274 DEBUG   SenderThread:14036 [sender.py:send():303] send: stats
2022-12-04 23:42:01,274 DEBUG   SenderThread:14036 [sender.py:send():303] send: stats
2022-12-04 23:42:31,276 DEBUG   SenderThread:14036 [sender.py:send():303] send: stats
2022-12-04 23:43:01,277 DEBUG   SenderThread:14036 [sender.py:send():303] send: stats
2022-12-04 23:43:31,281 DEBUG   SenderThread:14036 [sender.py:send():303] send: stats
2022-12-04 23:44:01,286 DEBUG   SenderThread:14036 [sender.py:send():303] send: stats
2022-12-04 23:44:31,288 DEBUG   SenderThread:14036 [sender.py:send():303] send: stats
2022-12-04 23:45:01,294 DEBUG   SenderThread:14036 [sender.py:send():303] send: stats
2022-12-04 23:45:31,297 DEBUG   SenderThread:14036 [sender.py:send():303] send: stats
2022-12-04 23:46:01,301 DEBUG   SenderThread:14036 [sender.py:send():303] send: stats
2022-12-04 23:46:31,303 DEBUG   SenderThread:14036 [sender.py:send():303] send: stats
2022-12-04 23:47:01,307 DEBUG   SenderThread:14036 [sender.py:send():303] send: stats
2022-12-04 23:47:31,313 DEBUG   SenderThread:14036 [sender.py:send():303] send: stats
2022-12-04 23:48:01,318 DEBUG   SenderThread:14036 [sender.py:send():303] send: stats
2022-12-04 23:48:31,320 DEBUG   SenderThread:14036 [sender.py:send():303] send: stats
2022-12-04 23:49:01,322 DEBUG   SenderThread:14036 [sender.py:send():303] send: stats
2022-12-04 23:49:31,328 DEBUG   SenderThread:14036 [sender.py:send():303] send: stats
2022-12-04 23:50:01,330 DEBUG   SenderThread:14036 [sender.py:send():303] send: stats
2022-12-04 23:50:31,332 DEBUG   SenderThread:14036 [sender.py:send():303] send: stats
2022-12-04 23:51:01,332 DEBUG   SenderThread:14036 [sender.py:send():303] send: stats
2022-12-04 23:51:31,333 DEBUG   SenderThread:14036 [sender.py:send():303] send: stats
2022-12-04 23:52:01,340 DEBUG   SenderThread:14036 [sender.py:send():303] send: stats
2022-12-04 23:52:31,342 DEBUG   SenderThread:14036 [sender.py:send():303] send: stats
2022-12-04 23:53:01,344 DEBUG   SenderThread:14036 [sender.py:send():303] send: stats
2022-12-04 23:53:31,351 DEBUG   SenderThread:14036 [sender.py:send():303] send: stats
2022-12-04 23:54:01,353 DEBUG   SenderThread:14036 [sender.py:send():303] send: stats
2022-12-04 23:54:31,354 DEBUG   SenderThread:14036 [sender.py:send():303] send: stats
2022-12-04 23:55:01,359 DEBUG   SenderThread:14036 [sender.py:send():303] send: stats
2022-12-04 23:55:31,360 DEBUG   SenderThread:14036 [sender.py:send():303] send: stats
2022-12-04 23:56:01,364 DEBUG   SenderThread:14036 [sender.py:send():303] send: stats
2022-12-04 23:56:31,371 DEBUG   SenderThread:14036 [sender.py:send():303] send: stats
2022-12-04 23:57:01,379 DEBUG   SenderThread:14036 [sender.py:send():303] send: stats
2022-12-04 23:57:31,381 DEBUG   SenderThread:14036 [sender.py:send():303] send: stats
2022-12-04 23:58:01,389 DEBUG   SenderThread:14036 [sender.py:send():303] send: stats
2022-12-04 23:58:31,390 DEBUG   SenderThread:14036 [sender.py:send():303] send: stats
2022-12-04 23:59:01,396 DEBUG   SenderThread:14036 [sender.py:send():303] send: stats
2022-12-04 23:59:31,398 DEBUG   SenderThread:14036 [sender.py:send():303] send: stats
2022-12-05 00:00:01,400 DEBUG   SenderThread:14036 [sender.py:send():303] send: stats
2022-12-05 00:00:31,400 DEBUG   SenderThread:14036 [sender.py:send():303] send: stats
2022-12-05 00:01:01,401 DEBUG   SenderThread:14036 [sender.py:send():303] send: stats
2022-12-05 00:01:31,403 DEBUG   SenderThread:14036 [sender.py:send():303] send: stats
2022-12-05 00:02:01,405 DEBUG   SenderThread:14036 [sender.py:send():303] send: stats
2022-12-05 00:02:31,406 DEBUG   SenderThread:14036 [sender.py:send():303] send: stats
2022-12-05 00:03:01,408 DEBUG   SenderThread:14036 [sender.py:send():303] send: stats
2022-12-05 00:03:31,410 DEBUG   SenderThread:14036 [sender.py:send():303] send: stats
2022-12-05 00:04:01,415 DEBUG   SenderThread:14036 [sender.py:send():303] send: stats
2022-12-05 00:04:31,415 DEBUG   SenderThread:14036 [sender.py:send():303] send: stats
2022-12-05 00:05:01,417 DEBUG   SenderThread:14036 [sender.py:send():303] send: stats
2022-12-05 00:05:31,419 DEBUG   SenderThread:14036 [sender.py:send():303] send: stats
2022-12-05 00:06:01,423 DEBUG   SenderThread:14036 [sender.py:send():303] send: stats
2022-12-05 00:06:31,425 DEBUG   SenderThread:14036 [sender.py:send():303] send: stats
2022-12-05 00:07:01,426 DEBUG   SenderThread:14036 [sender.py:send():303] send: stats
2022-12-05 00:07:31,426 DEBUG   SenderThread:14036 [sender.py:send():303] send: stats
2022-12-05 00:08:01,431 DEBUG   SenderThread:14036 [sender.py:send():303] send: stats
2022-12-05 00:08:31,431 DEBUG   SenderThread:14036 [sender.py:send():303] send: stats
2022-12-05 00:09:01,439 DEBUG   SenderThread:14036 [sender.py:send():303] send: stats
2022-12-05 00:09:31,440 DEBUG   SenderThread:14036 [sender.py:send():303] send: stats
2022-12-05 00:10:01,441 DEBUG   SenderThread:14036 [sender.py:send():303] send: stats
2022-12-05 00:10:31,443 DEBUG   SenderThread:14036 [sender.py:send():303] send: stats
2022-12-05 00:11:01,455 DEBUG   SenderThread:14036 [sender.py:send():303] send: stats
2022-12-05 00:11:31,456 DEBUG   SenderThread:14036 [sender.py:send():303] send: stats
2022-12-05 00:12:01,460 DEBUG   SenderThread:14036 [sender.py:send():303] send: stats
2022-12-05 00:12:31,462 DEBUG   SenderThread:14036 [sender.py:send():303] send: stats
2022-12-05 00:13:01,466 DEBUG   SenderThread:14036 [sender.py:send():303] send: stats
2022-12-05 00:13:31,474 DEBUG   SenderThread:14036 [sender.py:send():303] send: stats
2022-12-05 00:14:01,475 DEBUG   SenderThread:14036 [sender.py:send():303] send: stats
2022-12-05 00:14:31,475 DEBUG   SenderThread:14036 [sender.py:send():303] send: stats
2022-12-05 00:15:01,476 DEBUG   SenderThread:14036 [sender.py:send():303] send: stats
2022-12-05 00:15:31,479 DEBUG   SenderThread:14036 [sender.py:send():303] send: stats
2022-12-05 00:16:01,485 DEBUG   SenderThread:14036 [sender.py:send():303] send: stats
2022-12-05 00:16:31,487 DEBUG   SenderThread:14036 [sender.py:send():303] send: stats
2022-12-05 00:17:01,491 DEBUG   SenderThread:14036 [sender.py:send():303] send: stats
2022-12-05 00:17:31,501 DEBUG   SenderThread:14036 [sender.py:send():303] send: stats
2022-12-05 00:18:01,503 DEBUG   SenderThread:14036 [sender.py:send():303] send: stats
2022-12-05 00:18:31,506 DEBUG   SenderThread:14036 [sender.py:send():303] send: stats
2022-12-05 00:19:01,511 DEBUG   SenderThread:14036 [sender.py:send():303] send: stats
2022-12-05 00:19:31,512 DEBUG   SenderThread:14036 [sender.py:send():303] send: stats
2022-12-05 00:20:01,519 DEBUG   SenderThread:14036 [sender.py:send():303] send: stats
2022-12-05 00:20:31,520 DEBUG   SenderThread:14036 [sender.py:send():303] send: stats
2022-12-05 00:21:01,523 DEBUG   SenderThread:14036 [sender.py:send():303] send: stats
2022-12-05 00:21:31,524 DEBUG   SenderThread:14036 [sender.py:send():303] send: stats
2022-12-05 00:22:01,527 DEBUG   SenderThread:14036 [sender.py:send():303] send: stats
2022-12-05 00:22:31,528 DEBUG   SenderThread:14036 [sender.py:send():303] send: stats
2022-12-05 00:23:01,531 DEBUG   SenderThread:14036 [sender.py:send():303] send: stats
2022-12-05 00:23:31,535 DEBUG   SenderThread:14036 [sender.py:send():303] send: stats
2022-12-05 00:24:01,535 DEBUG   SenderThread:14036 [sender.py:send():303] send: stats
2022-12-05 00:24:31,545 DEBUG   SenderThread:14036 [sender.py:send():303] send: stats
2022-12-05 00:25:01,548 DEBUG   SenderThread:14036 [sender.py:send():303] send: stats
2022-12-05 00:25:31,553 DEBUG   SenderThread:14036 [sender.py:send():303] send: stats
2022-12-05 00:26:01,557 DEBUG   SenderThread:14036 [sender.py:send():303] send: stats
2022-12-05 00:26:31,561 DEBUG   SenderThread:14036 [sender.py:send():303] send: stats
2022-12-05 00:27:01,567 DEBUG   SenderThread:14036 [sender.py:send():303] send: stats
2022-12-05 00:27:31,575 DEBUG   SenderThread:14036 [sender.py:send():303] send: stats
2022-12-05 00:28:01,577 DEBUG   SenderThread:14036 [sender.py:send():303] send: stats
2022-12-05 00:28:31,585 DEBUG   SenderThread:14036 [sender.py:send():303] send: stats
2022-12-05 00:29:01,591 DEBUG   SenderThread:14036 [sender.py:send():303] send: stats
2022-12-05 00:29:31,595 DEBUG   SenderThread:14036 [sender.py:send():303] send: stats
2022-12-05 00:30:01,596 DEBUG   SenderThread:14036 [sender.py:send():303] send: stats
2022-12-05 00:30:31,602 DEBUG   SenderThread:14036 [sender.py:send():303] send: stats
2022-12-05 00:31:01,605 DEBUG   SenderThread:14036 [sender.py:send():303] send: stats
2022-12-05 00:31:31,613 DEBUG   SenderThread:14036 [sender.py:send():303] send: stats
2022-12-05 00:32:01,615 DEBUG   SenderThread:14036 [sender.py:send():303] send: stats
2022-12-05 00:32:31,615 DEBUG   SenderThread:14036 [sender.py:send():303] send: stats
2022-12-05 00:33:01,618 DEBUG   SenderThread:14036 [sender.py:send():303] send: stats
2022-12-05 00:33:31,624 DEBUG   SenderThread:14036 [sender.py:send():303] send: stats
2022-12-05 00:34:01,626 DEBUG   SenderThread:14036 [sender.py:send():303] send: stats
2022-12-05 00:34:31,626 DEBUG   SenderThread:14036 [sender.py:send():303] send: stats
2022-12-05 00:35:01,629 DEBUG   SenderThread:14036 [sender.py:send():303] send: stats
2022-12-05 00:35:31,630 DEBUG   SenderThread:14036 [sender.py:send():303] send: stats
2022-12-05 00:36:01,633 DEBUG   SenderThread:14036 [sender.py:send():303] send: stats
2022-12-05 00:36:31,639 DEBUG   SenderThread:14036 [sender.py:send():303] send: stats
2022-12-05 00:37:01,642 DEBUG   SenderThread:14036 [sender.py:send():303] send: stats
2022-12-05 00:37:31,647 DEBUG   SenderThread:14036 [sender.py:send():303] send: stats
2022-12-05 00:38:01,652 DEBUG   SenderThread:14036 [sender.py:send():303] send: stats
2022-12-05 00:38:31,653 DEBUG   SenderThread:14036 [sender.py:send():303] send: stats
2022-12-05 00:39:01,654 DEBUG   SenderThread:14036 [sender.py:send():303] send: stats
2022-12-05 00:39:31,655 DEBUG   SenderThread:14036 [sender.py:send():303] send: stats
2022-12-05 00:40:01,662 DEBUG   SenderThread:14036 [sender.py:send():303] send: stats
2022-12-05 00:40:31,664 DEBUG   SenderThread:14036 [sender.py:send():303] send: stats
2022-12-05 00:41:01,668 DEBUG   SenderThread:14036 [sender.py:send():303] send: stats
2022-12-05 00:41:31,672 DEBUG   SenderThread:14036 [sender.py:send():303] send: stats
2022-12-05 00:42:01,674 DEBUG   SenderThread:14036 [sender.py:send():303] send: stats
2022-12-05 00:42:31,675 DEBUG   SenderThread:14036 [sender.py:send():303] send: stats
2022-12-05 00:43:01,679 DEBUG   SenderThread:14036 [sender.py:send():303] send: stats
2022-12-05 00:43:31,680 DEBUG   SenderThread:14036 [sender.py:send():303] send: stats
2022-12-05 00:44:01,682 DEBUG   SenderThread:14036 [sender.py:send():303] send: stats
2022-12-05 00:44:31,685 DEBUG   SenderThread:14036 [sender.py:send():303] send: stats
2022-12-05 00:45:01,687 DEBUG   SenderThread:14036 [sender.py:send():303] send: stats
2022-12-05 00:45:31,689 DEBUG   SenderThread:14036 [sender.py:send():303] send: stats
2022-12-05 00:46:01,699 DEBUG   SenderThread:14036 [sender.py:send():303] send: stats
2022-12-05 00:46:31,707 DEBUG   SenderThread:14036 [sender.py:send():303] send: stats
2022-12-05 00:47:01,708 DEBUG   SenderThread:14036 [sender.py:send():303] send: stats
2022-12-05 00:47:31,711 DEBUG   SenderThread:14036 [sender.py:send():303] send: stats
2022-12-05 00:48:01,711 DEBUG   SenderThread:14036 [sender.py:send():303] send: stats
2022-12-05 00:48:31,715 DEBUG   SenderThread:14036 [sender.py:send():303] send: stats
2022-12-05 00:49:01,716 DEBUG   SenderThread:14036 [sender.py:send():303] send: stats
2022-12-05 00:49:31,719 DEBUG   SenderThread:14036 [sender.py:send():303] send: stats
2022-12-05 00:50:01,722 DEBUG   SenderThread:14036 [sender.py:send():303] send: stats
2022-12-05 00:50:31,727 DEBUG   SenderThread:14036 [sender.py:send():303] send: stats
2022-12-05 00:51:01,732 DEBUG   SenderThread:14036 [sender.py:send():303] send: stats
2022-12-05 00:51:31,736 DEBUG   SenderThread:14036 [sender.py:send():303] send: stats
2022-12-05 00:52:01,740 DEBUG   SenderThread:14036 [sender.py:send():303] send: stats
2022-12-05 00:52:31,750 DEBUG   SenderThread:14036 [sender.py:send():303] send: stats
2022-12-05 00:53:01,754 DEBUG   SenderThread:14036 [sender.py:send():303] send: stats
2022-12-05 00:53:31,756 DEBUG   SenderThread:14036 [sender.py:send():303] send: stats
2022-12-05 00:54:01,757 DEBUG   SenderThread:14036 [sender.py:send():303] send: stats
2022-12-05 00:54:31,761 DEBUG   SenderThread:14036 [sender.py:send():303] send: stats
2022-12-05 00:55:01,763 DEBUG   SenderThread:14036 [sender.py:send():303] send: stats
2022-12-05 00:55:31,764 DEBUG   SenderThread:14036 [sender.py:send():303] send: stats
2022-12-05 00:56:01,766 DEBUG   SenderThread:14036 [sender.py:send():303] send: stats
2022-12-05 00:56:31,768 DEBUG   SenderThread:14036 [sender.py:send():303] send: stats
2022-12-05 00:57:01,774 DEBUG   SenderThread:14036 [sender.py:send():303] send: stats
2022-12-05 00:57:31,775 DEBUG   SenderThread:14036 [sender.py:send():303] send: stats
2022-12-05 00:58:01,775 DEBUG   SenderThread:14036 [sender.py:send():303] send: stats
2022-12-05 00:58:31,777 DEBUG   SenderThread:14036 [sender.py:send():303] send: stats
2022-12-05 00:59:01,779 DEBUG   SenderThread:14036 [sender.py:send():303] send: stats
2022-12-05 00:59:31,780 DEBUG   SenderThread:14036 [sender.py:send():303] send: stats
2022-12-05 01:00:01,782 DEBUG   SenderThread:14036 [sender.py:send():303] send: stats
2022-12-05 01:00:31,788 DEBUG   SenderThread:14036 [sender.py:send():303] send: stats
2022-12-05 01:01:01,789 DEBUG   SenderThread:14036 [sender.py:send():303] send: stats
2022-12-05 01:01:31,796 DEBUG   SenderThread:14036 [sender.py:send():303] send: stats
2022-12-05 01:02:01,801 DEBUG   SenderThread:14036 [sender.py:send():303] send: stats
2022-12-05 01:02:31,812 DEBUG   SenderThread:14036 [sender.py:send():303] send: stats
2022-12-05 01:03:01,817 DEBUG   SenderThread:14036 [sender.py:send():303] send: stats
2022-12-05 01:03:31,819 DEBUG   SenderThread:14036 [sender.py:send():303] send: stats
2022-12-05 01:04:01,822 DEBUG   SenderThread:14036 [sender.py:send():303] send: stats
2022-12-05 01:04:31,823 DEBUG   SenderThread:14036 [sender.py:send():303] send: stats
2022-12-05 01:05:01,826 DEBUG   SenderThread:14036 [sender.py:send():303] send: stats
2022-12-05 01:05:31,828 DEBUG   SenderThread:14036 [sender.py:send():303] send: stats
2022-12-05 01:06:01,831 DEBUG   SenderThread:14036 [sender.py:send():303] send: stats
2022-12-05 01:06:31,837 DEBUG   SenderThread:14036 [sender.py:send():303] send: stats
2022-12-05 01:07:01,838 DEBUG   SenderThread:14036 [sender.py:send():303] send: stats
2022-12-05 01:07:31,842 DEBUG   SenderThread:14036 [sender.py:send():303] send: stats
2022-12-05 01:08:01,844 DEBUG   SenderThread:14036 [sender.py:send():303] send: stats
2022-12-05 01:08:31,847 DEBUG   SenderThread:14036 [sender.py:send():303] send: stats
2022-12-05 01:09:01,852 DEBUG   SenderThread:14036 [sender.py:send():303] send: stats
2022-12-05 01:09:31,853 DEBUG   SenderThread:14036 [sender.py:send():303] send: stats
2022-12-05 01:10:01,860 DEBUG   SenderThread:14036 [sender.py:send():303] send: stats
2022-12-05 01:10:31,861 DEBUG   SenderThread:14036 [sender.py:send():303] send: stats
2022-12-05 01:11:01,862 DEBUG   SenderThread:14036 [sender.py:send():303] send: stats
2022-12-05 01:11:31,866 DEBUG   SenderThread:14036 [sender.py:send():303] send: stats
2022-12-05 01:12:01,868 DEBUG   SenderThread:14036 [sender.py:send():303] send: stats
2022-12-05 01:12:31,873 DEBUG   SenderThread:14036 [sender.py:send():303] send: stats
2022-12-05 01:13:01,876 DEBUG   SenderThread:14036 [sender.py:send():303] send: stats
2022-12-05 01:13:31,883 DEBUG   SenderThread:14036 [sender.py:send():303] send: stats
2022-12-05 01:14:01,884 DEBUG   SenderThread:14036 [sender.py:send():303] send: stats
2022-12-05 01:14:31,885 DEBUG   SenderThread:14036 [sender.py:send():303] send: stats
2022-12-05 01:15:01,886 DEBUG   SenderThread:14036 [sender.py:send():303] send: stats
2022-12-05 01:15:31,888 DEBUG   SenderThread:14036 [sender.py:send():303] send: stats
2022-12-05 01:16:01,896 DEBUG   SenderThread:14036 [sender.py:send():303] send: stats
2022-12-05 01:16:31,900 DEBUG   SenderThread:14036 [sender.py:send():303] send: stats
2022-12-05 01:17:01,902 DEBUG   SenderThread:14036 [sender.py:send():303] send: stats
2022-12-05 01:17:31,907 DEBUG   SenderThread:14036 [sender.py:send():303] send: stats
2022-12-05 01:18:01,910 DEBUG   SenderThread:14036 [sender.py:send():303] send: stats
2022-12-05 01:18:31,912 DEBUG   SenderThread:14036 [sender.py:send():303] send: stats
2022-12-05 01:19:01,917 DEBUG   SenderThread:14036 [sender.py:send():303] send: stats
2022-12-05 01:19:31,918 DEBUG   SenderThread:14036 [sender.py:send():303] send: stats
2022-12-05 01:20:01,920 DEBUG   SenderThread:14036 [sender.py:send():303] send: stats
2022-12-05 01:20:31,922 DEBUG   SenderThread:14036 [sender.py:send():303] send: stats
2022-12-05 01:21:01,927 DEBUG   SenderThread:14036 [sender.py:send():303] send: stats
2022-12-05 01:21:31,928 DEBUG   SenderThread:14036 [sender.py:send():303] send: stats
2022-12-05 01:22:01,931 DEBUG   SenderThread:14036 [sender.py:send():303] send: stats
2022-12-05 01:22:31,931 DEBUG   SenderThread:14036 [sender.py:send():303] send: stats
2022-12-05 01:23:01,935 DEBUG   SenderThread:14036 [sender.py:send():303] send: stats
2022-12-05 01:23:31,939 DEBUG   SenderThread:14036 [sender.py:send():303] send: stats
2022-12-05 01:24:01,950 DEBUG   SenderThread:14036 [sender.py:send():303] send: stats
2022-12-05 01:24:31,950 DEBUG   SenderThread:14036 [sender.py:send():303] send: stats
2022-12-05 01:25:01,954 DEBUG   SenderThread:14036 [sender.py:send():303] send: stats
2022-12-05 01:25:31,963 DEBUG   SenderThread:14036 [sender.py:send():303] send: stats
2022-12-05 01:26:01,973 DEBUG   SenderThread:14036 [sender.py:send():303] send: stats
2022-12-05 01:26:31,976 DEBUG   SenderThread:14036 [sender.py:send():303] send: stats
2022-12-05 01:27:01,977 DEBUG   SenderThread:14036 [sender.py:send():303] send: stats
2022-12-05 01:27:31,978 DEBUG   SenderThread:14036 [sender.py:send():303] send: stats
2022-12-05 01:28:01,983 DEBUG   SenderThread:14036 [sender.py:send():303] send: stats
2022-12-05 01:28:31,986 DEBUG   SenderThread:14036 [sender.py:send():303] send: stats
2022-12-05 01:29:01,992 DEBUG   SenderThread:14036 [sender.py:send():303] send: stats
2022-12-05 01:29:31,996 DEBUG   SenderThread:14036 [sender.py:send():303] send: stats
2022-12-05 01:30:01,997 DEBUG   SenderThread:14036 [sender.py:send():303] send: stats
2022-12-05 01:30:32,001 DEBUG   SenderThread:14036 [sender.py:send():303] send: stats
2022-12-05 01:31:02,003 DEBUG   SenderThread:14036 [sender.py:send():303] send: stats
2022-12-05 01:31:32,009 DEBUG   SenderThread:14036 [sender.py:send():303] send: stats
2022-12-05 01:32:02,010 DEBUG   SenderThread:14036 [sender.py:send():303] send: stats
2022-12-05 01:32:32,014 DEBUG   SenderThread:14036 [sender.py:send():303] send: stats
2022-12-05 01:33:02,018 DEBUG   SenderThread:14036 [sender.py:send():303] send: stats
2022-12-05 01:33:32,021 DEBUG   SenderThread:14036 [sender.py:send():303] send: stats
2022-12-05 01:34:02,022 DEBUG   SenderThread:14036 [sender.py:send():303] send: stats
2022-12-05 01:34:32,029 DEBUG   SenderThread:14036 [sender.py:send():303] send: stats
2022-12-05 01:35:02,036 DEBUG   SenderThread:14036 [sender.py:send():303] send: stats
2022-12-05 01:35:32,040 DEBUG   SenderThread:14036 [sender.py:send():303] send: stats
2022-12-05 01:36:02,041 DEBUG   SenderThread:14036 [sender.py:send():303] send: stats
2022-12-05 01:36:32,043 DEBUG   SenderThread:14036 [sender.py:send():303] send: stats
2022-12-05 01:37:02,046 DEBUG   SenderThread:14036 [sender.py:send():303] send: stats
2022-12-05 01:37:32,051 DEBUG   SenderThread:14036 [sender.py:send():303] send: stats
2022-12-05 01:38:02,052 DEBUG   SenderThread:14036 [sender.py:send():303] send: stats
2022-12-05 01:38:32,053 DEBUG   SenderThread:14036 [sender.py:send():303] send: stats
2022-12-05 01:39:02,057 DEBUG   SenderThread:14036 [sender.py:send():303] send: stats
2022-12-05 01:39:32,058 DEBUG   SenderThread:14036 [sender.py:send():303] send: stats
2022-12-05 01:40:02,060 DEBUG   SenderThread:14036 [sender.py:send():303] send: stats
2022-12-05 01:40:32,067 DEBUG   SenderThread:14036 [sender.py:send():303] send: stats
2022-12-05 01:41:02,073 DEBUG   SenderThread:14036 [sender.py:send():303] send: stats
2022-12-05 01:41:32,076 DEBUG   SenderThread:14036 [sender.py:send():303] send: stats
2022-12-05 01:42:02,080 DEBUG   SenderThread:14036 [sender.py:send():303] send: stats
2022-12-05 01:42:32,085 DEBUG   SenderThread:14036 [sender.py:send():303] send: stats
2022-12-05 01:43:02,093 DEBUG   SenderThread:14036 [sender.py:send():303] send: stats
2022-12-05 01:43:32,095 DEBUG   SenderThread:14036 [sender.py:send():303] send: stats
2022-12-05 01:44:02,096 DEBUG   SenderThread:14036 [sender.py:send():303] send: stats
2022-12-05 01:44:32,099 DEBUG   SenderThread:14036 [sender.py:send():303] send: stats
2022-12-05 01:45:02,100 DEBUG   SenderThread:14036 [sender.py:send():303] send: stats
2022-12-05 01:45:32,103 DEBUG   SenderThread:14036 [sender.py:send():303] send: stats
2022-12-05 01:46:02,108 DEBUG   SenderThread:14036 [sender.py:send():303] send: stats
2022-12-05 01:46:32,115 DEBUG   SenderThread:14036 [sender.py:send():303] send: stats
2022-12-05 01:47:02,116 DEBUG   SenderThread:14036 [sender.py:send():303] send: stats
2022-12-05 01:47:32,121 DEBUG   SenderThread:14036 [sender.py:send():303] send: stats
2022-12-05 01:48:02,127 DEBUG   SenderThread:14036 [sender.py:send():303] send: stats
2022-12-05 01:48:32,129 DEBUG   SenderThread:14036 [sender.py:send():303] send: stats
2022-12-05 01:49:02,134 DEBUG   SenderThread:14036 [sender.py:send():303] send: stats
2022-12-05 01:49:32,135 DEBUG   SenderThread:14036 [sender.py:send():303] send: stats
2022-12-05 01:50:02,136 DEBUG   SenderThread:14036 [sender.py:send():303] send: stats
2022-12-05 01:50:32,139 DEBUG   SenderThread:14036 [sender.py:send():303] send: stats
2022-12-05 01:51:02,141 DEBUG   SenderThread:14036 [sender.py:send():303] send: stats
2022-12-05 01:51:32,142 DEBUG   SenderThread:14036 [sender.py:send():303] send: stats
2022-12-05 01:52:02,144 DEBUG   SenderThread:14036 [sender.py:send():303] send: stats
2022-12-05 01:52:32,150 DEBUG   SenderThread:14036 [sender.py:send():303] send: stats
2022-12-05 01:53:02,151 DEBUG   SenderThread:14036 [sender.py:send():303] send: stats
2022-12-05 01:53:32,152 DEBUG   SenderThread:14036 [sender.py:send():303] send: stats
2022-12-05 01:54:02,154 DEBUG   SenderThread:14036 [sender.py:send():303] send: stats
2022-12-05 01:54:32,158 DEBUG   SenderThread:14036 [sender.py:send():303] send: stats
2022-12-05 01:55:02,159 DEBUG   SenderThread:14036 [sender.py:send():303] send: stats
2022-12-05 01:55:32,164 DEBUG   SenderThread:14036 [sender.py:send():303] send: stats
2022-12-05 01:56:02,168 DEBUG   SenderThread:14036 [sender.py:send():303] send: stats
2022-12-05 01:56:32,169 DEBUG   SenderThread:14036 [sender.py:send():303] send: stats
2022-12-05 01:57:02,173 DEBUG   SenderThread:14036 [sender.py:send():303] send: stats
2022-12-05 01:57:32,176 DEBUG   SenderThread:14036 [sender.py:send():303] send: stats
2022-12-05 01:58:02,180 DEBUG   SenderThread:14036 [sender.py:send():303] send: stats
2022-12-05 01:58:32,181 DEBUG   SenderThread:14036 [sender.py:send():303] send: stats
2022-12-05 01:59:02,184 DEBUG   SenderThread:14036 [sender.py:send():303] send: stats
2022-12-05 01:59:32,194 DEBUG   SenderThread:14036 [sender.py:send():303] send: stats
2022-12-05 02:00:02,195 DEBUG   SenderThread:14036 [sender.py:send():303] send: stats
2022-12-05 02:00:32,207 DEBUG   SenderThread:14036 [sender.py:send():303] send: stats
2022-12-05 02:01:02,208 DEBUG   SenderThread:14036 [sender.py:send():303] send: stats
2022-12-05 02:01:32,213 DEBUG   SenderThread:14036 [sender.py:send():303] send: stats
2022-12-05 02:02:02,221 DEBUG   SenderThread:14036 [sender.py:send():303] send: stats
2022-12-05 02:02:32,224 DEBUG   SenderThread:14036 [sender.py:send():303] send: stats
2022-12-05 02:03:02,226 DEBUG   SenderThread:14036 [sender.py:send():303] send: stats
2022-12-05 02:03:32,233 DEBUG   SenderThread:14036 [sender.py:send():303] send: stats
2022-12-05 02:04:02,242 DEBUG   SenderThread:14036 [sender.py:send():303] send: stats
2022-12-05 02:04:32,244 DEBUG   SenderThread:14036 [sender.py:send():303] send: stats
2022-12-05 02:05:02,246 DEBUG   SenderThread:14036 [sender.py:send():303] send: stats
2022-12-05 02:05:32,248 DEBUG   SenderThread:14036 [sender.py:send():303] send: stats
2022-12-05 02:06:02,249 DEBUG   SenderThread:14036 [sender.py:send():303] send: stats
2022-12-05 02:06:32,251 DEBUG   SenderThread:14036 [sender.py:send():303] send: stats
2022-12-05 02:07:02,259 DEBUG   SenderThread:14036 [sender.py:send():303] send: stats
2022-12-05 02:07:32,261 DEBUG   SenderThread:14036 [sender.py:send():303] send: stats
2022-12-05 02:08:02,262 DEBUG   SenderThread:14036 [sender.py:send():303] send: stats
2022-12-05 02:08:32,272 DEBUG   SenderThread:14036 [sender.py:send():303] send: stats
2022-12-05 02:09:02,277 DEBUG   SenderThread:14036 [sender.py:send():303] send: stats
2022-12-05 02:09:32,285 DEBUG   SenderThread:14036 [sender.py:send():303] send: stats
2022-12-05 02:10:02,285 DEBUG   SenderThread:14036 [sender.py:send():303] send: stats
2022-12-05 02:10:32,291 DEBUG   SenderThread:14036 [sender.py:send():303] send: stats
2022-12-05 02:11:02,292 DEBUG   SenderThread:14036 [sender.py:send():303] send: stats
2022-12-05 02:11:32,293 DEBUG   SenderThread:14036 [sender.py:send():303] send: stats
2022-12-05 02:12:02,297 DEBUG   SenderThread:14036 [sender.py:send():303] send: stats
2022-12-05 02:12:32,301 DEBUG   SenderThread:14036 [sender.py:send():303] send: stats
2022-12-05 02:13:02,302 DEBUG   SenderThread:14036 [sender.py:send():303] send: stats
2022-12-05 02:13:32,306 DEBUG   SenderThread:14036 [sender.py:send():303] send: stats
2022-12-05 02:14:02,308 DEBUG   SenderThread:14036 [sender.py:send():303] send: stats
2022-12-05 02:14:32,311 DEBUG   SenderThread:14036 [sender.py:send():303] send: stats
2022-12-05 02:15:02,318 DEBUG   SenderThread:14036 [sender.py:send():303] send: stats
2022-12-05 02:15:32,327 DEBUG   SenderThread:14036 [sender.py:send():303] send: stats
2022-12-05 02:16:02,333 DEBUG   SenderThread:14036 [sender.py:send():303] send: stats
2022-12-05 02:16:32,335 DEBUG   SenderThread:14036 [sender.py:send():303] send: stats
2022-12-05 02:17:02,337 DEBUG   SenderThread:14036 [sender.py:send():303] send: stats
2022-12-05 02:17:32,341 DEBUG   SenderThread:14036 [sender.py:send():303] send: stats
2022-12-05 02:18:02,342 DEBUG   SenderThread:14036 [sender.py:send():303] send: stats
2022-12-05 02:18:32,345 DEBUG   SenderThread:14036 [sender.py:send():303] send: stats
2022-12-05 02:19:02,348 DEBUG   SenderThread:14036 [sender.py:send():303] send: stats
2022-12-05 02:19:32,355 DEBUG   SenderThread:14036 [sender.py:send():303] send: stats
2022-12-05 02:20:02,360 DEBUG   SenderThread:14036 [sender.py:send():303] send: stats
2022-12-05 02:20:32,364 DEBUG   SenderThread:14036 [sender.py:send():303] send: stats
2022-12-05 02:21:02,368 DEBUG   SenderThread:14036 [sender.py:send():303] send: stats
2022-12-05 02:21:32,371 DEBUG   SenderThread:14036 [sender.py:send():303] send: stats
2022-12-05 02:22:02,374 DEBUG   SenderThread:14036 [sender.py:send():303] send: stats
2022-12-05 02:22:32,376 DEBUG   SenderThread:14036 [sender.py:send():303] send: stats
2022-12-05 02:23:02,377 DEBUG   SenderThread:14036 [sender.py:send():303] send: stats
2022-12-05 02:23:32,378 DEBUG   SenderThread:14036 [sender.py:send():303] send: stats
2022-12-05 02:24:02,386 DEBUG   SenderThread:14036 [sender.py:send():303] send: stats
2022-12-05 02:24:32,392 DEBUG   SenderThread:14036 [sender.py:send():303] send: stats
2022-12-05 02:25:02,393 DEBUG   SenderThread:14036 [sender.py:send():303] send: stats
2022-12-05 02:25:32,400 DEBUG   SenderThread:14036 [sender.py:send():303] send: stats
2022-12-05 02:26:02,408 DEBUG   SenderThread:14036 [sender.py:send():303] send: stats
2022-12-05 02:26:32,409 DEBUG   SenderThread:14036 [sender.py:send():303] send: stats
2022-12-05 02:27:02,415 DEBUG   SenderThread:14036 [sender.py:send():303] send: stats
2022-12-05 02:27:32,417 DEBUG   SenderThread:14036 [sender.py:send():303] send: stats
2022-12-05 02:28:02,426 DEBUG   SenderThread:14036 [sender.py:send():303] send: stats
2022-12-05 02:28:32,427 DEBUG   SenderThread:14036 [sender.py:send():303] send: stats
2022-12-05 02:29:02,431 DEBUG   SenderThread:14036 [sender.py:send():303] send: stats
2022-12-05 02:29:32,431 DEBUG   SenderThread:14036 [sender.py:send():303] send: stats
2022-12-05 02:30:02,434 DEBUG   SenderThread:14036 [sender.py:send():303] send: stats
2022-12-05 02:30:32,437 DEBUG   SenderThread:14036 [sender.py:send():303] send: stats
2022-12-05 02:31:02,443 DEBUG   SenderThread:14036 [sender.py:send():303] send: stats
2022-12-05 02:31:32,446 DEBUG   SenderThread:14036 [sender.py:send():303] send: stats
2022-12-05 02:32:02,448 DEBUG   SenderThread:14036 [sender.py:send():303] send: stats
2022-12-05 02:32:32,450 DEBUG   SenderThread:14036 [sender.py:send():303] send: stats
2022-12-05 02:33:02,456 DEBUG   SenderThread:14036 [sender.py:send():303] send: stats
2022-12-05 02:33:32,463 DEBUG   SenderThread:14036 [sender.py:send():303] send: stats
2022-12-05 02:34:02,464 DEBUG   SenderThread:14036 [sender.py:send():303] send: stats
2022-12-05 02:34:32,473 DEBUG   SenderThread:14036 [sender.py:send():303] send: stats
2022-12-05 02:35:02,477 DEBUG   SenderThread:14036 [sender.py:send():303] send: stats
2022-12-05 02:35:32,480 DEBUG   SenderThread:14036 [sender.py:send():303] send: stats
2022-12-05 02:36:02,484 DEBUG   SenderThread:14036 [sender.py:send():303] send: stats
2022-12-05 02:36:32,485 DEBUG   SenderThread:14036 [sender.py:send():303] send: stats
2022-12-05 02:37:02,487 DEBUG   SenderThread:14036 [sender.py:send():303] send: stats
2022-12-05 02:37:32,488 DEBUG   SenderThread:14036 [sender.py:send():303] send: stats
2022-12-05 02:38:02,491 DEBUG   SenderThread:14036 [sender.py:send():303] send: stats
2022-12-05 02:38:32,492 DEBUG   SenderThread:14036 [sender.py:send():303] send: stats
2022-12-05 02:39:02,493 DEBUG   SenderThread:14036 [sender.py:send():303] send: stats
2022-12-05 02:39:32,494 DEBUG   SenderThread:14036 [sender.py:send():303] send: stats
2022-12-05 02:40:02,500 DEBUG   SenderThread:14036 [sender.py:send():303] send: stats
2022-12-05 02:40:32,506 DEBUG   SenderThread:14036 [sender.py:send():303] send: stats
2022-12-05 02:41:02,505 DEBUG   SenderThread:14036 [sender.py:send():303] send: stats
2022-12-05 02:41:32,507 DEBUG   SenderThread:14036 [sender.py:send():303] send: stats
2022-12-05 02:42:02,509 DEBUG   SenderThread:14036 [sender.py:send():303] send: stats
2022-12-05 02:42:32,512 DEBUG   SenderThread:14036 [sender.py:send():303] send: stats
2022-12-05 02:43:02,520 DEBUG   SenderThread:14036 [sender.py:send():303] send: stats
2022-12-05 02:43:32,524 DEBUG   SenderThread:14036 [sender.py:send():303] send: stats
2022-12-05 02:44:02,529 DEBUG   SenderThread:14036 [sender.py:send():303] send: stats
2022-12-05 02:44:32,530 DEBUG   SenderThread:14036 [sender.py:send():303] send: stats
2022-12-05 02:45:02,536 DEBUG   SenderThread:14036 [sender.py:send():303] send: stats
2022-12-05 02:45:32,536 DEBUG   SenderThread:14036 [sender.py:send():303] send: stats
2022-12-05 02:46:02,541 DEBUG   SenderThread:14036 [sender.py:send():303] send: stats
2022-12-05 02:46:32,550 DEBUG   SenderThread:14036 [sender.py:send():303] send: stats
2022-12-05 02:47:02,550 DEBUG   SenderThread:14036 [sender.py:send():303] send: stats
2022-12-05 02:47:32,552 DEBUG   SenderThread:14036 [sender.py:send():303] send: stats
2022-12-05 02:48:02,554 DEBUG   SenderThread:14036 [sender.py:send():303] send: stats
2022-12-05 02:48:32,555 DEBUG   SenderThread:14036 [sender.py:send():303] send: stats
2022-12-05 02:49:02,556 DEBUG   SenderThread:14036 [sender.py:send():303] send: stats
2022-12-05 02:49:32,560 DEBUG   SenderThread:14036 [sender.py:send():303] send: stats
2022-12-05 02:50:02,561 DEBUG   SenderThread:14036 [sender.py:send():303] send: stats
2022-12-05 02:50:32,565 DEBUG   SenderThread:14036 [sender.py:send():303] send: stats
2022-12-05 02:51:02,568 DEBUG   SenderThread:14036 [sender.py:send():303] send: stats
2022-12-05 02:51:32,570 DEBUG   SenderThread:14036 [sender.py:send():303] send: stats
2022-12-05 02:52:02,572 DEBUG   SenderThread:14036 [sender.py:send():303] send: stats
2022-12-05 02:52:32,575 DEBUG   SenderThread:14036 [sender.py:send():303] send: stats
2022-12-05 02:53:02,581 DEBUG   SenderThread:14036 [sender.py:send():303] send: stats
2022-12-05 02:53:32,582 DEBUG   SenderThread:14036 [sender.py:send():303] send: stats
2022-12-05 02:54:02,583 DEBUG   SenderThread:14036 [sender.py:send():303] send: stats
2022-12-05 02:54:32,590 DEBUG   SenderThread:14036 [sender.py:send():303] send: stats
2022-12-05 02:55:02,596 DEBUG   SenderThread:14036 [sender.py:send():303] send: stats
2022-12-05 02:55:32,602 DEBUG   SenderThread:14036 [sender.py:send():303] send: stats
2022-12-05 02:56:02,603 DEBUG   SenderThread:14036 [sender.py:send():303] send: stats
2022-12-05 02:56:32,612 DEBUG   SenderThread:14036 [sender.py:send():303] send: stats
2022-12-05 02:57:02,612 DEBUG   SenderThread:14036 [sender.py:send():303] send: stats
2022-12-05 02:57:32,614 DEBUG   SenderThread:14036 [sender.py:send():303] send: stats
2022-12-05 02:58:02,619 DEBUG   SenderThread:14036 [sender.py:send():303] send: stats
2022-12-05 02:58:32,620 DEBUG   SenderThread:14036 [sender.py:send():303] send: stats
2022-12-05 02:59:02,623 DEBUG   SenderThread:14036 [sender.py:send():303] send: stats
2022-12-05 02:59:32,624 DEBUG   SenderThread:14036 [sender.py:send():303] send: stats
2022-12-05 03:00:02,626 DEBUG   SenderThread:14036 [sender.py:send():303] send: stats
2022-12-05 03:00:32,627 DEBUG   SenderThread:14036 [sender.py:send():303] send: stats
2022-12-05 03:01:02,642 DEBUG   SenderThread:14036 [sender.py:send():303] send: stats
2022-12-05 03:01:32,643 DEBUG   SenderThread:14036 [sender.py:send():303] send: stats
2022-12-05 03:02:02,646 DEBUG   SenderThread:14036 [sender.py:send():303] send: stats
2022-12-05 03:02:32,648 DEBUG   SenderThread:14036 [sender.py:send():303] send: stats
2022-12-05 03:03:02,651 DEBUG   SenderThread:14036 [sender.py:send():303] send: stats
2022-12-05 03:03:32,653 DEBUG   SenderThread:14036 [sender.py:send():303] send: stats
2022-12-05 03:04:02,655 DEBUG   SenderThread:14036 [sender.py:send():303] send: stats
2022-12-05 03:04:32,657 DEBUG   SenderThread:14036 [sender.py:send():303] send: stats
2022-12-05 03:05:02,663 DEBUG   SenderThread:14036 [sender.py:send():303] send: stats
2022-12-05 03:05:32,669 DEBUG   SenderThread:14036 [sender.py:send():303] send: stats
2022-12-05 03:06:02,673 DEBUG   SenderThread:14036 [sender.py:send():303] send: stats
2022-12-05 03:06:32,676 DEBUG   SenderThread:14036 [sender.py:send():303] send: stats
2022-12-05 03:07:02,684 DEBUG   SenderThread:14036 [sender.py:send():303] send: stats
2022-12-05 03:07:32,692 DEBUG   SenderThread:14036 [sender.py:send():303] send: stats
2022-12-05 03:08:02,692 DEBUG   SenderThread:14036 [sender.py:send():303] send: stats
2022-12-05 03:08:32,694 DEBUG   SenderThread:14036 [sender.py:send():303] send: stats
2022-12-05 03:09:02,696 DEBUG   SenderThread:14036 [sender.py:send():303] send: stats
2022-12-05 03:09:32,698 DEBUG   SenderThread:14036 [sender.py:send():303] send: stats
2022-12-05 03:10:02,699 DEBUG   SenderThread:14036 [sender.py:send():303] send: stats
2022-12-05 03:10:32,700 DEBUG   SenderThread:14036 [sender.py:send():303] send: stats
2022-12-05 03:11:02,702 DEBUG   SenderThread:14036 [sender.py:send():303] send: stats
2022-12-05 03:11:32,703 DEBUG   SenderThread:14036 [sender.py:send():303] send: stats
2022-12-05 03:12:02,706 DEBUG   SenderThread:14036 [sender.py:send():303] send: stats
2022-12-05 03:12:32,711 DEBUG   SenderThread:14036 [sender.py:send():303] send: stats
2022-12-05 03:13:02,720 DEBUG   SenderThread:14036 [sender.py:send():303] send: stats
2022-12-05 03:13:32,721 DEBUG   SenderThread:14036 [sender.py:send():303] send: stats
2022-12-05 03:14:02,723 DEBUG   SenderThread:14036 [sender.py:send():303] send: stats
2022-12-05 03:14:32,732 DEBUG   SenderThread:14036 [sender.py:send():303] send: stats
2022-12-05 03:15:02,734 DEBUG   SenderThread:14036 [sender.py:send():303] send: stats
2022-12-05 03:15:32,735 DEBUG   SenderThread:14036 [sender.py:send():303] send: stats
2022-12-05 03:16:02,743 DEBUG   SenderThread:14036 [sender.py:send():303] send: stats
2022-12-05 03:16:32,746 DEBUG   SenderThread:14036 [sender.py:send():303] send: stats
2022-12-05 03:17:02,753 DEBUG   SenderThread:14036 [sender.py:send():303] send: stats
2022-12-05 03:17:32,755 DEBUG   SenderThread:14036 [sender.py:send():303] send: stats
2022-12-05 03:18:02,756 DEBUG   SenderThread:14036 [sender.py:send():303] send: stats
2022-12-05 03:18:32,758 DEBUG   SenderThread:14036 [sender.py:send():303] send: stats
2022-12-05 03:19:02,760 DEBUG   SenderThread:14036 [sender.py:send():303] send: stats
2022-12-05 03:19:32,762 DEBUG   SenderThread:14036 [sender.py:send():303] send: stats
2022-12-05 03:20:02,772 DEBUG   SenderThread:14036 [sender.py:send():303] send: stats
2022-12-05 03:20:32,780 DEBUG   SenderThread:14036 [sender.py:send():303] send: stats
2022-12-05 03:21:02,785 DEBUG   SenderThread:14036 [sender.py:send():303] send: stats
2022-12-05 03:21:32,792 DEBUG   SenderThread:14036 [sender.py:send():303] send: stats
2022-12-05 03:22:02,793 DEBUG   SenderThread:14036 [sender.py:send():303] send: stats
2022-12-05 03:22:32,795 DEBUG   SenderThread:14036 [sender.py:send():303] send: stats
2022-12-05 03:23:02,798 DEBUG   SenderThread:14036 [sender.py:send():303] send: stats
2022-12-05 03:23:32,799 DEBUG   SenderThread:14036 [sender.py:send():303] send: stats
2022-12-05 03:24:02,801 DEBUG   SenderThread:14036 [sender.py:send():303] send: stats
2022-12-05 03:24:32,806 DEBUG   SenderThread:14036 [sender.py:send():303] send: stats
2022-12-05 03:25:02,811 DEBUG   SenderThread:14036 [sender.py:send():303] send: stats
2022-12-05 03:25:32,816 DEBUG   SenderThread:14036 [sender.py:send():303] send: stats
2022-12-05 03:26:02,825 DEBUG   SenderThread:14036 [sender.py:send():303] send: stats
2022-12-05 03:26:32,830 DEBUG   SenderThread:14036 [sender.py:send():303] send: stats
2022-12-05 03:27:02,833 DEBUG   SenderThread:14036 [sender.py:send():303] send: stats
2022-12-05 03:27:32,841 DEBUG   SenderThread:14036 [sender.py:send():303] send: stats
2022-12-05 03:28:02,844 DEBUG   SenderThread:14036 [sender.py:send():303] send: stats
2022-12-05 03:28:32,846 DEBUG   SenderThread:14036 [sender.py:send():303] send: stats
2022-12-05 03:29:02,852 DEBUG   SenderThread:14036 [sender.py:send():303] send: stats
2022-12-05 03:29:32,856 DEBUG   SenderThread:14036 [sender.py:send():303] send: stats
2022-12-05 03:30:02,857 DEBUG   SenderThread:14036 [sender.py:send():303] send: stats
2022-12-05 03:30:32,858 DEBUG   SenderThread:14036 [sender.py:send():303] send: stats
2022-12-05 03:31:02,862 DEBUG   SenderThread:14036 [sender.py:send():303] send: stats
2022-12-05 03:31:32,867 DEBUG   SenderThread:14036 [sender.py:send():303] send: stats
2022-12-05 03:32:02,870 DEBUG   SenderThread:14036 [sender.py:send():303] send: stats
2022-12-05 03:32:32,876 DEBUG   SenderThread:14036 [sender.py:send():303] send: stats
2022-12-05 03:33:02,881 DEBUG   SenderThread:14036 [sender.py:send():303] send: stats
2022-12-05 03:33:32,884 DEBUG   SenderThread:14036 [sender.py:send():303] send: stats
2022-12-05 03:34:02,886 DEBUG   SenderThread:14036 [sender.py:send():303] send: stats
2022-12-05 03:34:32,888 DEBUG   SenderThread:14036 [sender.py:send():303] send: stats
2022-12-05 03:35:02,895 DEBUG   SenderThread:14036 [sender.py:send():303] send: stats
2022-12-05 03:35:32,901 DEBUG   SenderThread:14036 [sender.py:send():303] send: stats
2022-12-05 03:36:02,901 DEBUG   SenderThread:14036 [sender.py:send():303] send: stats
2022-12-05 03:36:32,902 DEBUG   SenderThread:14036 [sender.py:send():303] send: stats
2022-12-05 03:37:02,912 DEBUG   SenderThread:14036 [sender.py:send():303] send: stats
2022-12-05 03:37:32,915 DEBUG   SenderThread:14036 [sender.py:send():303] send: stats
2022-12-05 03:38:02,916 DEBUG   SenderThread:14036 [sender.py:send():303] send: stats
2022-12-05 03:38:32,918 DEBUG   SenderThread:14036 [sender.py:send():303] send: stats
2022-12-05 03:39:02,925 DEBUG   SenderThread:14036 [sender.py:send():303] send: stats
2022-12-05 03:39:32,927 DEBUG   SenderThread:14036 [sender.py:send():303] send: stats
2022-12-05 03:40:02,933 DEBUG   SenderThread:14036 [sender.py:send():303] send: stats
2022-12-05 03:40:32,941 DEBUG   SenderThread:14036 [sender.py:send():303] send: stats
2022-12-05 03:41:02,945 DEBUG   SenderThread:14036 [sender.py:send():303] send: stats
2022-12-05 03:41:32,955 DEBUG   SenderThread:14036 [sender.py:send():303] send: stats
2022-12-05 03:42:02,957 DEBUG   SenderThread:14036 [sender.py:send():303] send: stats
2022-12-05 03:42:32,962 DEBUG   SenderThread:14036 [sender.py:send():303] send: stats
2022-12-05 03:43:02,963 DEBUG   SenderThread:14036 [sender.py:send():303] send: stats
2022-12-05 03:43:32,966 DEBUG   SenderThread:14036 [sender.py:send():303] send: stats
2022-12-05 03:44:02,968 DEBUG   SenderThread:14036 [sender.py:send():303] send: stats
2022-12-05 03:44:32,973 DEBUG   SenderThread:14036 [sender.py:send():303] send: stats
2022-12-05 03:45:02,981 DEBUG   SenderThread:14036 [sender.py:send():303] send: stats
2022-12-05 03:45:32,982 DEBUG   SenderThread:14036 [sender.py:send():303] send: stats
2022-12-05 03:46:02,983 DEBUG   SenderThread:14036 [sender.py:send():303] send: stats
2022-12-05 03:46:32,985 DEBUG   SenderThread:14036 [sender.py:send():303] send: stats
2022-12-05 03:47:02,988 DEBUG   SenderThread:14036 [sender.py:send():303] send: stats
2022-12-05 03:47:32,989 DEBUG   SenderThread:14036 [sender.py:send():303] send: stats
2022-12-05 03:48:02,990 DEBUG   SenderThread:14036 [sender.py:send():303] send: stats
2022-12-05 03:48:32,998 DEBUG   SenderThread:14036 [sender.py:send():303] send: stats
2022-12-05 03:49:02,999 DEBUG   SenderThread:14036 [sender.py:send():303] send: stats
2022-12-05 03:49:33,002 DEBUG   SenderThread:14036 [sender.py:send():303] send: stats
2022-12-05 03:50:03,002 DEBUG   SenderThread:14036 [sender.py:send():303] send: stats
2022-12-05 03:50:33,003 DEBUG   SenderThread:14036 [sender.py:send():303] send: stats
2022-12-05 03:51:03,006 DEBUG   SenderThread:14036 [sender.py:send():303] send: stats
2022-12-05 03:51:33,009 DEBUG   SenderThread:14036 [sender.py:send():303] send: stats
2022-12-05 03:52:03,013 DEBUG   SenderThread:14036 [sender.py:send():303] send: stats
2022-12-05 03:52:33,014 DEBUG   SenderThread:14036 [sender.py:send():303] send: stats
2022-12-05 03:53:03,021 DEBUG   SenderThread:14036 [sender.py:send():303] send: stats
2022-12-05 03:53:33,026 DEBUG   SenderThread:14036 [sender.py:send():303] send: stats
2022-12-05 03:54:03,028 DEBUG   SenderThread:14036 [sender.py:send():303] send: stats
2022-12-05 03:54:33,032 DEBUG   SenderThread:14036 [sender.py:send():303] send: stats
2022-12-05 03:55:03,032 DEBUG   SenderThread:14036 [sender.py:send():303] send: stats
2022-12-05 03:55:33,037 DEBUG   SenderThread:14036 [sender.py:send():303] send: stats
2022-12-05 03:56:03,045 DEBUG   SenderThread:14036 [sender.py:send():303] send: stats
2022-12-05 03:56:33,049 DEBUG   SenderThread:14036 [sender.py:send():303] send: stats
2022-12-05 03:57:03,052 DEBUG   SenderThread:14036 [sender.py:send():303] send: stats
2022-12-05 03:57:33,054 DEBUG   SenderThread:14036 [sender.py:send():303] send: stats
2022-12-05 03:58:03,066 DEBUG   SenderThread:14036 [sender.py:send():303] send: stats
2022-12-05 03:58:33,071 DEBUG   SenderThread:14036 [sender.py:send():303] send: stats
2022-12-05 03:59:03,076 DEBUG   SenderThread:14036 [sender.py:send():303] send: stats
2022-12-05 03:59:33,079 DEBUG   SenderThread:14036 [sender.py:send():303] send: stats
2022-12-05 04:00:03,082 DEBUG   SenderThread:14036 [sender.py:send():303] send: stats
2022-12-05 04:00:33,085 DEBUG   SenderThread:14036 [sender.py:send():303] send: stats
2022-12-05 04:01:03,088 DEBUG   SenderThread:14036 [sender.py:send():303] send: stats
2022-12-05 04:01:33,091 DEBUG   SenderThread:14036 [sender.py:send():303] send: stats
2022-12-05 04:02:03,092 DEBUG   SenderThread:14036 [sender.py:send():303] send: stats
2022-12-05 04:02:33,093 DEBUG   SenderThread:14036 [sender.py:send():303] send: stats
2022-12-05 04:03:03,098 DEBUG   SenderThread:14036 [sender.py:send():303] send: stats
2022-12-05 04:03:33,100 DEBUG   SenderThread:14036 [sender.py:send():303] send: stats
2022-12-05 04:04:03,103 DEBUG   SenderThread:14036 [sender.py:send():303] send: stats
2022-12-05 04:04:33,104 DEBUG   SenderThread:14036 [sender.py:send():303] send: stats
2022-12-05 04:05:03,112 DEBUG   SenderThread:14036 [sender.py:send():303] send: stats
2022-12-05 04:05:33,119 DEBUG   SenderThread:14036 [sender.py:send():303] send: stats
2022-12-05 04:06:03,120 DEBUG   SenderThread:14036 [sender.py:send():303] send: stats
2022-12-05 04:06:33,123 DEBUG   SenderThread:14036 [sender.py:send():303] send: stats
2022-12-05 04:07:03,128 DEBUG   SenderThread:14036 [sender.py:send():303] send: stats
2022-12-05 04:07:33,129 DEBUG   SenderThread:14036 [sender.py:send():303] send: stats
2022-12-05 04:08:03,129 DEBUG   SenderThread:14036 [sender.py:send():303] send: stats
2022-12-05 04:08:33,129 DEBUG   SenderThread:14036 [sender.py:send():303] send: stats
2022-12-05 04:09:03,131 DEBUG   SenderThread:14036 [sender.py:send():303] send: stats
2022-12-05 04:09:33,133 DEBUG   SenderThread:14036 [sender.py:send():303] send: stats
2022-12-05 04:10:03,138 DEBUG   SenderThread:14036 [sender.py:send():303] send: stats
2022-12-05 04:10:33,145 DEBUG   SenderThread:14036 [sender.py:send():303] send: stats
2022-12-05 04:11:03,147 DEBUG   SenderThread:14036 [sender.py:send():303] send: stats
2022-12-05 04:11:33,148 DEBUG   SenderThread:14036 [sender.py:send():303] send: stats
2022-12-05 04:12:03,150 DEBUG   SenderThread:14036 [sender.py:send():303] send: stats
2022-12-05 04:12:33,150 DEBUG   SenderThread:14036 [sender.py:send():303] send: stats
2022-12-05 04:13:03,154 DEBUG   SenderThread:14036 [sender.py:send():303] send: stats
2022-12-05 04:13:33,162 DEBUG   SenderThread:14036 [sender.py:send():303] send: stats
2022-12-05 04:14:03,164 DEBUG   SenderThread:14036 [sender.py:send():303] send: stats
2022-12-05 04:14:33,165 DEBUG   SenderThread:14036 [sender.py:send():303] send: stats
2022-12-05 04:15:03,166 DEBUG   SenderThread:14036 [sender.py:send():303] send: stats
2022-12-05 04:15:33,169 DEBUG   SenderThread:14036 [sender.py:send():303] send: stats
2022-12-05 04:16:03,175 DEBUG   SenderThread:14036 [sender.py:send():303] send: stats
2022-12-05 04:16:33,178 DEBUG   SenderThread:14036 [sender.py:send():303] send: stats
2022-12-05 04:17:03,179 DEBUG   SenderThread:14036 [sender.py:send():303] send: stats
2022-12-05 04:17:33,182 DEBUG   SenderThread:14036 [sender.py:send():303] send: stats
2022-12-05 04:18:03,186 DEBUG   SenderThread:14036 [sender.py:send():303] send: stats
2022-12-05 04:18:33,184 DEBUG   SenderThread:14036 [sender.py:send():303] send: stats
2022-12-05 04:19:03,185 DEBUG   SenderThread:14036 [sender.py:send():303] send: stats
2022-12-05 04:19:33,185 DEBUG   SenderThread:14036 [sender.py:send():303] send: stats
2022-12-05 04:20:03,190 DEBUG   SenderThread:14036 [sender.py:send():303] send: stats
2022-12-05 04:20:33,196 DEBUG   SenderThread:14036 [sender.py:send():303] send: stats
2022-12-05 04:21:03,197 DEBUG   SenderThread:14036 [sender.py:send():303] send: stats
2022-12-05 04:21:33,198 DEBUG   SenderThread:14036 [sender.py:send():303] send: stats
2022-12-05 04:22:03,199 DEBUG   SenderThread:14036 [sender.py:send():303] send: stats
2022-12-05 04:22:33,201 DEBUG   SenderThread:14036 [sender.py:send():303] send: stats
2022-12-05 04:23:03,209 DEBUG   SenderThread:14036 [sender.py:send():303] send: stats
2022-12-05 04:23:33,217 DEBUG   SenderThread:14036 [sender.py:send():303] send: stats
2022-12-05 04:24:03,220 DEBUG   SenderThread:14036 [sender.py:send():303] send: stats
2022-12-05 04:24:33,221 DEBUG   SenderThread:14036 [sender.py:send():303] send: stats
2022-12-05 04:25:03,222 DEBUG   SenderThread:14036 [sender.py:send():303] send: stats
2022-12-05 04:25:33,226 DEBUG   SenderThread:14036 [sender.py:send():303] send: stats
2022-12-05 04:26:03,229 DEBUG   SenderThread:14036 [sender.py:send():303] send: stats
2022-12-05 04:26:33,235 DEBUG   SenderThread:14036 [sender.py:send():303] send: stats
2022-12-05 04:27:03,242 DEBUG   SenderThread:14036 [sender.py:send():303] send: stats
2022-12-05 04:27:33,244 DEBUG   SenderThread:14036 [sender.py:send():303] send: stats
2022-12-05 04:28:03,250 DEBUG   SenderThread:14036 [sender.py:send():303] send: stats
2022-12-05 04:28:33,252 DEBUG   SenderThread:14036 [sender.py:send():303] send: stats
2022-12-05 04:29:03,252 DEBUG   SenderThread:14036 [sender.py:send():303] send: stats
2022-12-05 04:29:33,255 DEBUG   SenderThread:14036 [sender.py:send():303] send: stats
2022-12-05 04:30:03,260 DEBUG   SenderThread:14036 [sender.py:send():303] send: stats
2022-12-05 04:30:33,264 DEBUG   SenderThread:14036 [sender.py:send():303] send: stats
2022-12-05 04:31:03,273 DEBUG   SenderThread:14036 [sender.py:send():303] send: stats
2022-12-05 04:31:33,279 DEBUG   SenderThread:14036 [sender.py:send():303] send: stats
2022-12-05 04:32:03,280 DEBUG   SenderThread:14036 [sender.py:send():303] send: stats
2022-12-05 04:32:33,281 DEBUG   SenderThread:14036 [sender.py:send():303] send: stats
2022-12-05 04:33:03,284 DEBUG   SenderThread:14036 [sender.py:send():303] send: stats
2022-12-05 04:33:33,286 DEBUG   SenderThread:14036 [sender.py:send():303] send: stats
2022-12-05 04:34:03,288 DEBUG   SenderThread:14036 [sender.py:send():303] send: stats
2022-12-05 04:34:33,297 DEBUG   SenderThread:14036 [sender.py:send():303] send: stats
2022-12-05 04:35:03,298 DEBUG   SenderThread:14036 [sender.py:send():303] send: stats
2022-12-05 04:35:33,307 DEBUG   SenderThread:14036 [sender.py:send():303] send: stats
2022-12-05 04:36:03,310 DEBUG   SenderThread:14036 [sender.py:send():303] send: stats
2022-12-05 04:36:33,311 DEBUG   SenderThread:14036 [sender.py:send():303] send: stats
2022-12-05 04:37:03,316 DEBUG   SenderThread:14036 [sender.py:send():303] send: stats
2022-12-05 04:37:33,317 DEBUG   SenderThread:14036 [sender.py:send():303] send: stats
2022-12-05 04:38:03,318 DEBUG   SenderThread:14036 [sender.py:send():303] send: stats
2022-12-05 04:38:33,321 DEBUG   SenderThread:14036 [sender.py:send():303] send: stats
2022-12-05 04:39:03,327 DEBUG   SenderThread:14036 [sender.py:send():303] send: stats
2022-12-05 04:39:33,332 DEBUG   SenderThread:14036 [sender.py:send():303] send: stats
2022-12-05 04:40:03,339 DEBUG   SenderThread:14036 [sender.py:send():303] send: stats
2022-12-05 04:40:33,346 DEBUG   SenderThread:14036 [sender.py:send():303] send: stats
2022-12-05 04:41:03,352 DEBUG   SenderThread:14036 [sender.py:send():303] send: stats
2022-12-05 04:41:33,356 DEBUG   SenderThread:14036 [sender.py:send():303] send: stats
2022-12-05 04:42:03,358 DEBUG   SenderThread:14036 [sender.py:send():303] send: stats
2022-12-05 04:42:33,359 DEBUG   SenderThread:14036 [sender.py:send():303] send: stats
2022-12-05 04:43:03,362 DEBUG   SenderThread:14036 [sender.py:send():303] send: stats
2022-12-05 04:43:33,366 DEBUG   SenderThread:14036 [sender.py:send():303] send: stats
2022-12-05 04:44:03,369 DEBUG   SenderThread:14036 [sender.py:send():303] send: stats
2022-12-05 04:44:33,370 DEBUG   SenderThread:14036 [sender.py:send():303] send: stats
2022-12-05 04:45:03,373 DEBUG   SenderThread:14036 [sender.py:send():303] send: stats
2022-12-05 04:45:33,375 DEBUG   SenderThread:14036 [sender.py:send():303] send: stats
2022-12-05 04:46:03,380 DEBUG   SenderThread:14036 [sender.py:send():303] send: stats
2022-12-05 04:46:33,381 DEBUG   SenderThread:14036 [sender.py:send():303] send: stats
2022-12-05 04:47:03,384 DEBUG   SenderThread:14036 [sender.py:send():303] send: stats
2022-12-05 04:47:33,385 DEBUG   SenderThread:14036 [sender.py:send():303] send: stats
2022-12-05 04:48:03,387 DEBUG   SenderThread:14036 [sender.py:send():303] send: stats
2022-12-05 04:48:33,389 DEBUG   SenderThread:14036 [sender.py:send():303] send: stats
2022-12-05 04:49:03,389 DEBUG   SenderThread:14036 [sender.py:send():303] send: stats
2022-12-05 04:49:33,391 DEBUG   SenderThread:14036 [sender.py:send():303] send: stats
2022-12-05 04:50:03,396 DEBUG   SenderThread:14036 [sender.py:send():303] send: stats
2022-12-05 04:50:03,567 WARNING FileStreamThread:14036 [file_stream.py:request_with_retry():667] requests_with_retry encountered retryable exception: HTTPSConnectionPool(host='api.wandb.ai', port=443): Max retries exceeded with url: /files/m509ua/SAC/2s9e9ulj/file_stream (Caused by NewConnectionError('<urllib3.connection.HTTPSConnection object at 0x10f870130>: Failed to establish a new connection: [Errno 8] nodename nor servname provided, or not known')). func: <bound method Session.post of <requests.sessions.Session object at 0x10f799220>>, args: ('https://api.wandb.ai/files/m509ua/SAC/2s9e9ulj/file_stream',), kwargs: {'json': {'files': {'wandb-events.jsonl': {'offset': 870, 'content': ['{"system.network.sent": 1079442295.47, "system.network.recv": 271984230.4, "system.disk": 82.8, "system.proc.memory.availableMB": 2153.28, "system.memory": 73.71, "system.proc.memory.rssMB": 8.13, "system.proc.memory.percent": 0.1, "system.cpu": 0.0, "system.cpu.0.cpu_percent": 72.51, "system.cpu.1.cpu_percent": 67.86, "system.cpu.2.cpu_percent": 72.81, "system.cpu.3.cpu_percent": 59.07, "system.proc.cpu.threads": 8, "_wandb": true, "_timestamp": 1670241003.392599, "_runtime": 37446.487282}']}}, 'dropped': 0}}
2022-12-05 04:50:04,545 INFO    MainThread:14036 [internal.py:handle_exit():78] Internal process exited
